#
# A fatal error has been detected by the Java Runtime Environment:
#
#  EXCEPTION_ACCESS_VIOLATION (0xc0000005) at pc=0x00007ff98c0ce0a9, pid=6920, tid=8596
#
# JRE version: OpenJDK Runtime Environment Microsoft-8035246 (17.0.8+7) (build 17.0.8+7-LTS)
# Java VM: OpenJDK 64-Bit Server VM Microsoft-8035246 (17.0.8+7-LTS, mixed mode, sharing, tiered, compressed oops, compressed class ptrs, g1 gc, windows-amd64)
# Problematic frame:
# V  [jvm.dll+0x2be0a9]
#
# No core dump will be written. Minidumps are not enabled by default on client versions of Windows
#
# If you would like to submit a bug report, please visit:
#   https://github.com/microsoft/openjdk/issues
#

---------------  S U M M A R Y ------------

Command Line: -XX:MaxMetaspaceSize=512m --add-opens=java.base/java.util=ALL-UNNAMED --add-opens=java.base/java.lang=ALL-UNNAMED --add-opens=java.base/java.lang.invoke=ALL-UNNAMED --add-opens=java.prefs/java.util.prefs=ALL-UNNAMED --add-opens=java.base/java.nio.charset=ALL-UNNAMED --add-opens=java.base/java.net=ALL-UNNAMED --add-opens=java.base/java.util.concurrent.atomic=ALL-UNNAMED -Xmx2048m -Dfile.encoding=windows-1252 -Duser.country=IN -Duser.language=en -Duser.variant -javaagent:C:\Users\hvrka\.gradle\wrapper\dists\gradle-8.3-all\6en3ugtfdg5xnpx44z4qbwgas\gradle-8.3\lib\agents\gradle-instrumentation-agent-8.3.jar org.gradle.launcher.daemon.bootstrap.GradleDaemon 8.3

Host: Intel(R) Core(TM) i7-5600U CPU @ 2.60GHz, 4 cores, 7G,  Windows 11 , 64 bit Build 22621 (10.0.22621.2841)
Time: Fri Jan 12 15:26:43 2024 India Standard Time elapsed time: 163.145188 seconds (0d 0h 2m 43s)

---------------  T H R E A D  ---------------

Current thread (0x00000205429014f0):  JavaThread "C2 CompilerThread1" daemon [_thread_in_native, id=8596, stack(0x00000069e4400000,0x00000069e4500000)]


Current CompileTask:
C2: 163145 16166   !   4       org.gradle.cache.internal.DefaultMultiProcessSafeIndexedCache::getIfPresent (25 bytes)

Stack: [0x00000069e4400000,0x00000069e4500000],  sp=0x00000069e44fb660,  free space=1005k
Native frames: (J=compiled Java code, j=interpreted, Vv=VM code, C=native code)
V  [jvm.dll+0x2be0a9]
V  [jvm.dll+0x21ba8b]
V  [jvm.dll+0x21944b]
V  [jvm.dll+0x1a56b6]
V  [jvm.dll+0x2291ea]
V  [jvm.dll+0x22724c]
V  [jvm.dll+0x7efd0c]
V  [jvm.dll+0x7ea13a]
V  [jvm.dll+0x67ad85]
C  [ucrtbase.dll+0x29363]
C  [KERNEL32.DLL+0x1257d]
C  [ntdll.dll+0x5aa58]


siginfo: EXCEPTION_ACCESS_VIOLATION (0xc0000005), reading address 0x0000000000000028


Register to memory mapping:

RIP=0x00007ff98c0ce0a9 jvm.dll
RAX=0x000002054926d450 points into unknown readable memory: 0x0000000000000000 | 00 00 00 00 00 00 00 00
RBX=0x0000000000001cae is an unknown value
RCX=0x0 is NULL
RDX=0x0 is NULL
RSP=0x00000069e44fb660 is pointing into the stack for thread: 0x00000205429014f0
RBP=0x00000069e44fb6d0 is pointing into the stack for thread: 0x00000205429014f0
RSI=0x0 is NULL
RDI=0x0000000000000065 is an unknown value
R8 =0x000000000000ffe0 is an unknown value
R9 =0x0 is NULL
R10=0x00007ff9c4d20000 VCRUNTIME140.dll
R11=0x000002054926d470 points into unknown readable memory: 0x0000000000000000 | 00 00 00 00 00 00 00 00
R12=0x0000000000000050 is an unknown value
R13=0x0 is NULL
R14=0x0 is NULL
R15=0x00000069e44fe880 is pointing into the stack for thread: 0x00000205429014f0


Registers:
RAX=0x000002054926d450, RBX=0x0000000000001cae, RCX=0x0000000000000000, RDX=0x0000000000000000
RSP=0x00000069e44fb660, RBP=0x00000069e44fb6d0, RSI=0x0000000000000000, RDI=0x0000000000000065
R8 =0x000000000000ffe0, R9 =0x0000000000000000, R10=0x00007ff9c4d20000, R11=0x000002054926d470
R12=0x0000000000000050, R13=0x0000000000000000, R14=0x0000000000000000, R15=0x00000069e44fe880
RIP=0x00007ff98c0ce0a9, EFLAGS=0x0000000000010202

Top of Stack: (sp=0x00000069e44fb660)
0x00000069e44fb660:   0000000000001cae 0000000000000000
0x00000069e44fb670:   00000069e44fe880 00007ff98c0338d1
0x00000069e44fb680:   00000205479ca0a0 00007ff900002000
0x00000069e44fb690:   000002054926d450 0000006900000000
0x00000069e44fb6a0:   0000000000000002 000002054845e2b0
0x00000069e44fb6b0:   0000000000000002 00000205479ca0a0
0x00000069e44fb6c0:   0000000000000000 0000000000000000
0x00000069e44fb6d0:   0000020547cd3f80 000002057f7415c0
0x00000069e44fb6e0:   0000000000000065 00007ff98c754c08
0x00000069e44fb6f0:   00000069e44fb800 00007ff98c02ba8b
0x00000069e44fb700:   00000069e44fe880 00007ff98c754c08
0x00000069e44fb710:   00000069e44fe880 00000069e44fb800
0x00000069e44fb720:   0000020500000000 00007ff98c42b7fb
0x00000069e44fb730:   000000690000000f 00000069e44fe880
0x00000069e44fb740:   00000069e44fb8b0 0000000000000000
0x00000069e44fb750:   0000020500000100 00007ff98c754c08 

Instructions: (pc=0x00007ff98c0ce0a9)
0x00007ff98c0cdfa9:   3b d0 75 0b ff c1 41 3b c9 7c dc 48 8b c2 c3 33
0x00007ff98c0cdfb9:   c0 c3 cc cc cc cc cc 48 89 5c 24 18 55 56 57 41
0x00007ff98c0cdfc9:   55 41 57 48 8b ec 48 83 ec 70 65 48 8b 04 25 58
0x00007ff98c0cdfd9:   00 00 00 48 8b f2 44 8b 05 d2 8b 90 00 4c 8b f9
0x00007ff98c0cdfe9:   4a 8b 1c c0 b8 50 00 00 00 80 3c 18 00 75 05 e8
0x00007ff98c0cdff9:   8b 6f 5d 00 b8 20 00 00 00 48 8b 04 18 48 8b 98
0x00007ff98c0ce009:   38 02 00 00 48 89 5d b0 c7 45 b8 04 00 00 00 48
0x00007ff98c0ce019:   8b 43 18 48 83 f8 df 76 18 4c 8d 05 37 a9 65 00
0x00007ff98c0ce029:   ba 20 00 00 00 48 8b cb e8 5a eb de ff 48 8b 43
0x00007ff98c0ce039:   18 48 8d 48 20 48 3b 4b 20 76 11 45 33 c0 48 8b
0x00007ff98c0ce049:   cb 41 8d 50 20 e8 fd e8 de ff eb 04 48 89 4b 18
0x00007ff98c0ce059:   44 8b 45 b8 33 d2 49 c1 e0 03 48 8b c8 48 89 45
0x00007ff98c0ce069:   c0 e8 e3 80 5d 00 45 33 ed 48 8d 4d d0 44 89 6d
0x00007ff98c0ce079:   c8 e8 01 59 56 00 41 8b 9f 40 02 00 00 41 2b 9f
0x00007ff98c0ce089:   68 02 00 00 44 89 6d f0 3b 5d b8 72 0b 8b d3 48
0x00007ff98c0ce099:   8d 4d b0 e8 6f b3 39 00 48 8b 45 c0 4c 89 2c d8
0x00007ff98c0ce0a9:   8b 7e 28 8b df c1 eb 05 3b 5d d0 72 0b 8b d3 48
0x00007ff98c0ce0b9:   8d 4d d0 e8 1f 59 56 00 48 8b 45 d8 83 e7 1f 48
0x00007ff98c0ce0c9:   8d 14 98 40 0f b6 cf 41 b8 01 00 00 00 41 d3 e0
0x00007ff98c0ce0d9:   8b 0a 8b c1 41 0b c0 89 02 41 85 c8 75 21 8b 5d
0x00007ff98c0ce0e9:   c8 8d 43 01 89 45 c8 3b 5d b8 72 0b 8b d3 48 8d
0x00007ff98c0ce0f9:   4d b0 e8 10 b3 39 00 48 8b 45 c0 48 89 34 d8 44
0x00007ff98c0ce109:   39 6d c8 0f 86 77 01 00 00 4c 89 a4 24 a0 00 00
0x00007ff98c0ce119:   00 4c 89 b4 24 a8 00 00 00 48 8b 45 c0 41 8b cd
0x00007ff98c0ce129:   48 8b 34 c8 8b 46 2c 25 ff 1f 00 00 3d 04 10 00
0x00007ff98c0ce139:   00 0f 85 a7 00 00 00 bb 01 00 00 00 39 5e 18 76
0x00007ff98c0ce149:   39 66 0f 1f 44 00 00 48 8b 46 08 8b cb 48 8b 14
0x00007ff98c0ce159:   c8 48 85 d2 74 1d 48 83 7a 10 00 74 16 80 7a 2c
0x00007ff98c0ce169:   84 74 10 e8 7f 7e ee ff 48 8b d0 49 8b cf e8 a4
0x00007ff98c0ce179:   61 f6 ff ff c3 3b 5e 18 72 cd 48 8b 5e 10 8b 46
0x00007ff98c0ce189:   20 4c 8d 34 c3 49 3b de 73 54 48 8b 3b 8b 47 2c
0x00007ff98c0ce199:   83 e0 03 3c 03 75 2e 48 8b 07 48 8b cf ff 90 88 


Stack slot to memory mapping:
stack at sp + 0 slots: 0x0000000000001cae is an unknown value
stack at sp + 1 slots: 0x0 is NULL
stack at sp + 2 slots: 0x00000069e44fe880 is pointing into the stack for thread: 0x00000205429014f0
stack at sp + 3 slots: 0x00007ff98c0338d1 jvm.dll
stack at sp + 4 slots: 0x00000205479ca0a0 points into unknown readable memory: 0x6461726700000006 | 06 00 00 00 67 72 61 64
stack at sp + 5 slots: 0x00007ff900002000 is an unknown value
stack at sp + 6 slots: 0x000002054926d450 points into unknown readable memory: 0x0000000000000000 | 00 00 00 00 00 00 00 00
stack at sp + 7 slots: 0x0000006900000000 is an unknown value


---------------  P R O C E S S  ---------------

Threads class SMR info:
_java_thread_list=0x00000205476d41c0, length=94, elements={
0x000002057f72a4f0, 0x000002051d2eaa50, 0x000002051d2eb8d0, 0x000002051d301ff0,
0x000002051d303c30, 0x000002051d306600, 0x000002051d308fd0, 0x000002051d309d70,
0x000002051d30c830, 0x000002051d488070, 0x000002051d2d6d80, 0x000002051d669180,
0x000002053e38c490, 0x000002053e3bcbd0, 0x000002053f1c4220, 0x000002053e2b65a0,
0x000002053eb63850, 0x000002053d0810c0, 0x000002053d082a10, 0x000002053d0815d0,
0x000002053d081ae0, 0x000002053d081ff0, 0x000002053d082f20, 0x000002053d083430,
0x000002053d083940, 0x000002053d083e50, 0x000002053d084360, 0x000002053d084870,
0x0000020540405fc0, 0x0000020540405090, 0x00000205404055a0, 0x0000020540405ab0,
0x0000020540408d50, 0x000002054040a190, 0x0000020540409c80, 0x0000020540409260,
0x00000205404064d0, 0x0000020540408840, 0x000002054040a6a0, 0x0000020540403230,
0x000002054040abb0, 0x0000020540404b80, 0x00000205404069e0, 0x0000020540406ef0,
0x0000020540407e20, 0x0000020540407400, 0x0000020540403c50, 0x00000205416910a0,
0x0000020541694340, 0x00000205416966b0, 0x000002054168fc60, 0x00000205416924e0,
0x0000020541695780, 0x0000020541690b90, 0x00000205416961a0, 0x000002054168f750,
0x0000020541695c90, 0x000002054168f240, 0x0000020541696bc0, 0x0000020541690170,
0x00000205416915b0, 0x0000020541693410, 0x0000020541693920, 0x000002053d082500,
0x0000020542215930, 0x00000205422195f0, 0x0000020542218bd0, 0x0000020542216d70,
0x0000020542217ca0, 0x0000020542216860, 0x0000020542215420, 0x00000205422130b0,
0x0000020542213fe0, 0x00000205422190e0, 0x0000020542217790, 0x0000020542215e40,
0x0000020542214f10, 0x0000020542216350, 0x0000020541693e30, 0x0000020541694850,
0x00000205429014f0, 0x0000020541695270, 0x0000020541690680, 0x00000205473044a0,
0x00000205473049b0, 0x0000020547300cf0, 0x00000205472ffdc0, 0x0000020547303060,
0x00000205473058e0, 0x0000020547305df0, 0x00000205473007e0, 0x00000205472ff8b0,
0x0000020547303f90, 0x0000020547304ec0
}

Java Threads: ( => current thread )
  0x000002057f72a4f0 JavaThread "main" [_thread_blocked, id=12216, stack(0x00000069deb00000,0x00000069dec00000)]
  0x000002051d2eaa50 JavaThread "Reference Handler" daemon [_thread_blocked, id=13612, stack(0x00000069df200000,0x00000069df300000)]
  0x000002051d2eb8d0 JavaThread "Finalizer" daemon [_thread_blocked, id=12388, stack(0x00000069df300000,0x00000069df400000)]
  0x000002051d301ff0 JavaThread "Signal Dispatcher" daemon [_thread_blocked, id=11928, stack(0x00000069df400000,0x00000069df500000)]
  0x000002051d303c30 JavaThread "Attach Listener" daemon [_thread_blocked, id=16520, stack(0x00000069df500000,0x00000069df600000)]
  0x000002051d306600 JavaThread "Service Thread" daemon [_thread_blocked, id=7996, stack(0x00000069df600000,0x00000069df700000)]
  0x000002051d308fd0 JavaThread "Monitor Deflation Thread" daemon [_thread_blocked, id=8000, stack(0x00000069df700000,0x00000069df800000)]
  0x000002051d309d70 JavaThread "C2 CompilerThread0" daemon [_thread_in_native, id=7992, stack(0x00000069df800000,0x00000069df900000)]
  0x000002051d30c830 JavaThread "C1 CompilerThread0" daemon [_thread_blocked, id=7964, stack(0x00000069df900000,0x00000069dfa00000)]
  0x000002051d488070 JavaThread "Sweeper thread" daemon [_thread_blocked, id=1716, stack(0x00000069dfa00000,0x00000069dfb00000)]
  0x000002051d2d6d80 JavaThread "Common-Cleaner" daemon [_thread_blocked, id=5912, stack(0x00000069dfb00000,0x00000069dfc00000)]
  0x000002051d669180 JavaThread "Notification Thread" daemon [_thread_blocked, id=12876, stack(0x00000069dfc00000,0x00000069dfd00000)]
  0x000002053e38c490 JavaThread "Daemon health stats" [_thread_blocked, id=3104, stack(0x00000069e0200000,0x00000069e0300000)]
  0x000002053e3bcbd0 JavaThread "Incoming local TCP Connector on port 50190" [_thread_in_native, id=6728, stack(0x00000069e0100000,0x00000069e0200000)]
  0x000002053f1c4220 JavaThread "Daemon periodic checks" [_thread_blocked, id=12360, stack(0x00000069e0300000,0x00000069e0400000)]
  0x000002053e2b65a0 JavaThread "Daemon" [_thread_blocked, id=6516, stack(0x00000069e0400000,0x00000069e0500000)]
  0x000002053eb63850 JavaThread "Handler for socket connection from /127.0.0.1:50190 to /127.0.0.1:50191" [_thread_in_native, id=10164, stack(0x00000069e0500000,0x00000069e0600000)]
  0x000002053d0810c0 JavaThread "Cancel handler" [_thread_blocked, id=6952, stack(0x00000069e0600000,0x00000069e0700000)]
  0x000002053d082a10 JavaThread "Daemon worker" [_thread_blocked, id=5584, stack(0x00000069e0700000,0x00000069e0800000)]
  0x000002053d0815d0 JavaThread "Asynchronous log dispatcher for DefaultDaemonConnection: socket connection from /127.0.0.1:50190 to /127.0.0.1:50191" [_thread_blocked, id=8476, stack(0x00000069e0800000,0x00000069e0900000)]
  0x000002053d081ae0 JavaThread "Stdin handler" [_thread_blocked, id=5268, stack(0x00000069e0900000,0x00000069e0a00000)]
  0x000002053d081ff0 JavaThread "Daemon client event forwarder" [_thread_blocked, id=3428, stack(0x00000069e0a00000,0x00000069e0b00000)]
  0x000002053d082f20 JavaThread "Cache worker for journal cache (C:\Users\hvrka\.gradle\caches\journal-1)" [_thread_blocked, id=3856, stack(0x00000069e0c00000,0x00000069e0d00000)]
  0x000002053d083430 JavaThread "File lock request listener" [_thread_in_native, id=10016, stack(0x00000069e0d00000,0x00000069e0e00000)]
  0x000002053d083940 JavaThread "Cache worker for file hash cache (C:\Users\hvrka\.gradle\caches\8.3\fileHashes)" [_thread_blocked, id=4528, stack(0x00000069e0b00000,0x00000069e0c00000)]
  0x000002053d083e50 JavaThread "File watcher server" daemon [_thread_in_native, id=14388, stack(0x00000069e0f00000,0x00000069e1000000)]
  0x000002053d084360 JavaThread "File watcher consumer" daemon [_thread_blocked, id=15380, stack(0x00000069e1000000,0x00000069e1100000)]
  0x000002053d084870 JavaThread "Cache worker for checksums cache (C:\Projects\UITask\android\.gradle\8.3\checksums)" [_thread_blocked, id=17024, stack(0x00000069e0e00000,0x00000069e0f00000)]
  0x0000020540405fc0 JavaThread "Cache worker for file hash cache (C:\Projects\UITask\android\.gradle\8.3\fileHashes)" [_thread_blocked, id=7244, stack(0x00000069e1100000,0x00000069e1200000)]
  0x0000020540405090 JavaThread "Cache worker for cache directory md-supplier (C:\Users\hvrka\.gradle\caches\8.3\md-supplier)" [_thread_blocked, id=10840, stack(0x00000069e1200000,0x00000069e1300000)]
  0x00000205404055a0 JavaThread "Cache worker for file content cache (C:\Users\hvrka\.gradle\caches\8.3\fileContent)" [_thread_blocked, id=12292, stack(0x00000069e1300000,0x00000069e1400000)]
  0x0000020540405ab0 JavaThread "Cache worker for cache directory md-rule (C:\Users\hvrka\.gradle\caches\8.3\md-rule)" [_thread_blocked, id=15832, stack(0x00000069e1500000,0x00000069e1600000)]
  0x0000020540408d50 JavaThread "Cache worker for execution history cache (C:\Users\hvrka\.gradle\caches\8.3\executionHistory)" [_thread_blocked, id=9648, stack(0x00000069e1600000,0x00000069e1700000)]
  0x000002054040a190 JavaThread "jar transforms" [_thread_blocked, id=12308, stack(0x00000069e1800000,0x00000069e1900000)]
  0x0000020540409c80 JavaThread "jar transforms Thread 2" [_thread_blocked, id=14684, stack(0x00000069e1900000,0x00000069e1a00000)]
  0x0000020540409260 JavaThread "jar transforms Thread 3" [_thread_blocked, id=2240, stack(0x00000069e1700000,0x00000069e1800000)]
  0x00000205404064d0 JavaThread "jar transforms Thread 4" [_thread_blocked, id=14136, stack(0x00000069e1a00000,0x00000069e1b00000)]
  0x0000020540408840 JavaThread "Cache worker for kotlin-dsl (C:\Users\hvrka\.gradle\caches\8.3\kotlin-dsl)" [_thread_blocked, id=8120, stack(0x00000069e1c00000,0x00000069e1d00000)]
  0x000002054040a6a0 JavaThread "Unconstrained build operations" [_thread_blocked, id=10252, stack(0x00000069e1d00000,0x00000069e1e00000)]
  0x0000020540403230 JavaThread "Unconstrained build operations Thread 2" [_thread_blocked, id=6896, stack(0x00000069e1e00000,0x00000069e1f00000)]
  0x000002054040abb0 JavaThread "Cache worker for dependencies-accessors (C:\Projects\UITask\android\.gradle\8.3\dependencies-accessors)" [_thread_blocked, id=9664, stack(0x00000069e1f00000,0x00000069e2000000)]
  0x0000020540404b80 JavaThread "Cache worker for Build Output Cleanup Cache (C:\Projects\UITask\node_modules\@react-native\gradle-plugin\.gradle\buildOutputCleanup)" [_thread_blocked, id=5980, stack(0x00000069e2000000,0x00000069e2100000)]
  0x00000205404069e0 JavaThread "Unconstrained build operations Thread 3" [_thread_blocked, id=11740, stack(0x00000069e2100000,0x00000069e2200000)]
  0x0000020540406ef0 JavaThread "Unconstrained build operations Thread 4" [_thread_blocked, id=1408, stack(0x00000069e2200000,0x00000069e2300000)]
  0x0000020540407e20 JavaThread "Unconstrained build operations Thread 5" [_thread_blocked, id=12144, stack(0x00000069e2300000,0x00000069e2400000)]
  0x0000020540407400 JavaThread "Memory manager" [_thread_blocked, id=10524, stack(0x00000069e2400000,0x00000069e2500000)]
  0x0000020540403c50 JavaThread "Cache worker for Build Output Cleanup Cache (C:\Projects\UITask\android\.gradle\buildOutputCleanup)" [_thread_blocked, id=4508, stack(0x00000069dea00000,0x00000069deb00000)]
  0x00000205416910a0 JavaThread "ForkJoinPool.commonPool-worker-1" daemon [_thread_blocked, id=17120, stack(0x00000069de900000,0x00000069dea00000)]
  0x0000020541694340 JavaThread "ForkJoinPool.commonPool-worker-2" daemon [_thread_blocked, id=6612, stack(0x00000069e2500000,0x00000069e2600000)]
  0x00000205416966b0 JavaThread "Execution worker" [_thread_blocked, id=13760, stack(0x00000069e2b00000,0x00000069e2c00000)]
  0x000002054168fc60 JavaThread "Execution worker Thread 2" [_thread_blocked, id=15584, stack(0x00000069e2c00000,0x00000069e2d00000)]
  0x00000205416924e0 JavaThread "Execution worker Thread 3" [_thread_blocked, id=16548, stack(0x00000069e2d00000,0x00000069e2e00000)]
  0x0000020541695780 JavaThread "Cache worker for execution history cache (C:\Projects\UITask\node_modules\@react-native\gradle-plugin\.gradle\8.3\executionHistory)" [_thread_blocked, id=6456, stack(0x00000069e2e00000,0x00000069e2f00000)]
  0x0000020541690b90 JavaThread "Unconstrained build operations Thread 6" [_thread_blocked, id=6212, stack(0x00000069e2f00000,0x00000069e3000000)]
  0x00000205416961a0 JavaThread "Unconstrained build operations Thread 7" [_thread_blocked, id=14304, stack(0x00000069e3000000,0x00000069e3100000)]
  0x000002054168f750 JavaThread "Unconstrained build operations Thread 8" [_thread_blocked, id=16596, stack(0x00000069e3100000,0x00000069e3200000)]
  0x0000020541695c90 JavaThread "Unconstrained build operations Thread 9" [_thread_blocked, id=14792, stack(0x00000069e3200000,0x00000069e3300000)]
  0x000002054168f240 JavaThread "Unconstrained build operations Thread 10" [_thread_in_native, id=15096, stack(0x00000069e3300000,0x00000069e3400000)]
  0x0000020541696bc0 JavaThread "Unconstrained build operations Thread 11" [_thread_blocked, id=2388, stack(0x00000069e3400000,0x00000069e3500000)]
  0x0000020541690170 JavaThread "Unconstrained build operations Thread 12" [_thread_blocked, id=14156, stack(0x00000069e3500000,0x00000069e3600000)]
  0x00000205416915b0 JavaThread "Unconstrained build operations Thread 13" [_thread_blocked, id=2244, stack(0x00000069e3600000,0x00000069e3700000)]
  0x0000020541693410 JavaThread "Unconstrained build operations Thread 14" [_thread_blocked, id=12724, stack(0x00000069e3700000,0x00000069e3800000)]
  0x0000020541693920 JavaThread "Unconstrained build operations Thread 15" [_thread_blocked, id=11108, stack(0x00000069e3800000,0x00000069e3900000)]
  0x000002053d082500 JavaThread "Unconstrained build operations Thread 16" [_thread_blocked, id=14196, stack(0x00000069e3900000,0x00000069e3a00000)]
  0x0000020542215930 JavaThread "Unconstrained build operations Thread 17" [_thread_blocked, id=15720, stack(0x00000069e3a00000,0x00000069e3b00000)]
  0x00000205422195f0 JavaThread "Unconstrained build operations Thread 18" [_thread_blocked, id=5744, stack(0x00000069e3b00000,0x00000069e3c00000)]
  0x0000020542218bd0 JavaThread "Unconstrained build operations Thread 19" [_thread_blocked, id=7800, stack(0x00000069e3c00000,0x00000069e3d00000)]
  0x0000020542216d70 JavaThread "Unconstrained build operations Thread 20" [_thread_blocked, id=8380, stack(0x00000069de800000,0x00000069de900000)]
  0x0000020542217ca0 JavaThread "Unconstrained build operations Thread 21" [_thread_blocked, id=8400, stack(0x00000069e2700000,0x00000069e2800000)]
  0x0000020542216860 JavaThread "Unconstrained build operations Thread 22" [_thread_blocked, id=15064, stack(0x00000069e2800000,0x00000069e2900000)]
  0x0000020542215420 JavaThread "Unconstrained build operations Thread 23" [_thread_blocked, id=12008, stack(0x00000069e2900000,0x00000069e2a00000)]
  0x00000205422130b0 JavaThread "Unconstrained build operations Thread 24" [_thread_blocked, id=11444, stack(0x00000069e2a00000,0x00000069e2b00000)]
  0x0000020542213fe0 JavaThread "Unconstrained build operations Thread 25" [_thread_blocked, id=13940, stack(0x00000069e3d00000,0x00000069e3e00000)]
  0x00000205422190e0 JavaThread "ForkJoinPool.commonPool-worker-4" daemon [_thread_blocked, id=15192, stack(0x00000069e2600000,0x00000069e2700000)]
  0x0000020542217790 JavaThread "pool-3-thread-1" [_thread_blocked, id=3084, stack(0x00000069e3e00000,0x00000069e3f00000)]
  0x0000020542215e40 JavaThread "build event listener" [_thread_blocked, id=4120, stack(0x00000069e3f00000,0x00000069e4000000)]
  0x0000020542214f10 JavaThread "included builds Thread 2" [_thread_blocked, id=2148, stack(0x00000069e4000000,0x00000069e4100000)]
  0x0000020542216350 JavaThread "Unconstrained build operations Thread 26" [_thread_blocked, id=12752, stack(0x00000069e4100000,0x00000069e4200000)]
  0x0000020541693e30 JavaThread "Unconstrained build operations Thread 27" [_thread_blocked, id=3040, stack(0x00000069e4200000,0x00000069e4300000)]
  0x0000020541694850 JavaThread "Unconstrained build operations Thread 28" [_thread_blocked, id=15520, stack(0x00000069e4300000,0x00000069e4400000)]
=>0x00000205429014f0 JavaThread "C2 CompilerThread1" daemon [_thread_in_native, id=8596, stack(0x00000069e4400000,0x00000069e4500000)]
  0x0000020541695270 JavaThread "Unconstrained build operations Thread 29" [_thread_blocked, id=8492, stack(0x00000069e4500000,0x00000069e4600000)]
  0x0000020541690680 JavaThread "Unconstrained build operations Thread 30" [_thread_blocked, id=14760, stack(0x00000069e4600000,0x00000069e4700000)]
  0x00000205473044a0 JavaThread "Unconstrained build operations Thread 31" [_thread_blocked, id=7008, stack(0x00000069e4700000,0x00000069e4800000)]
  0x00000205473049b0 JavaThread "Unconstrained build operations Thread 32" [_thread_blocked, id=2972, stack(0x00000069e4800000,0x00000069e4900000)]
  0x0000020547300cf0 JavaThread "Unconstrained build operations Thread 33" [_thread_blocked, id=17128, stack(0x00000069e4900000,0x00000069e4a00000)]
  0x00000205472ffdc0 JavaThread "Unconstrained build operations Thread 34" [_thread_blocked, id=5148, stack(0x00000069e4a00000,0x00000069e4b00000)]
  0x0000020547303060 JavaThread "Unconstrained build operations Thread 35" [_thread_blocked, id=15020, stack(0x00000069e4b00000,0x00000069e4c00000)]
  0x00000205473058e0 JavaThread "Unconstrained build operations Thread 36" [_thread_blocked, id=9948, stack(0x00000069e4c00000,0x00000069e4d00000)]
  0x0000020547305df0 JavaThread "Unconstrained build operations Thread 37" [_thread_blocked, id=11156, stack(0x00000069e4d00000,0x00000069e4e00000)]
  0x00000205473007e0 JavaThread "Unconstrained build operations Thread 38" [_thread_blocked, id=14668, stack(0x00000069e4e00000,0x00000069e4f00000)]
  0x00000205472ff8b0 JavaThread "Unconstrained build operations Thread 39" [_thread_blocked, id=17272, stack(0x00000069e4f00000,0x00000069e5000000)]
  0x0000020547303f90 JavaThread "Unconstrained build operations Thread 40" [_thread_blocked, id=2488, stack(0x00000069e5000000,0x00000069e5100000)]
  0x0000020547304ec0 JavaThread "Cache worker for execution history cache (C:\Projects\UITask\android\.gradle\8.3\executionHistory)" [_thread_blocked, id=10176, stack(0x00000069e5100000,0x00000069e5200000)]

Other Threads:
  0x000002051d2e4be0 VMThread "VM Thread" [stack: 0x00000069df100000,0x00000069df200000] [id=9784]
  0x000002057f72b370 WatcherThread [stack: 0x00000069dfd00000,0x00000069dfe00000] [id=6892]
  0x000002057f783970 GCTaskThread "GC Thread#0" [stack: 0x00000069dec00000,0x00000069ded00000] [id=4280]
  0x000002053d0e16c0 GCTaskThread "GC Thread#1" [stack: 0x00000069dfe00000,0x00000069dff00000] [id=14256]
  0x000002053d038780 GCTaskThread "GC Thread#2" [stack: 0x00000069dff00000,0x00000069e0000000] [id=3080]
  0x000002053d6038e0 GCTaskThread "GC Thread#3" [stack: 0x00000069e0000000,0x00000069e0100000] [id=864]
  0x000002057f7948c0 ConcurrentGCThread "G1 Main Marker" [stack: 0x00000069ded00000,0x00000069dee00000] [id=16956]
  0x000002057f7952d0 ConcurrentGCThread "G1 Conc#0" [stack: 0x00000069dee00000,0x00000069def00000] [id=13284]
  0x000002051d1a20c0 ConcurrentGCThread "G1 Refine#0" [stack: 0x00000069def00000,0x00000069df000000] [id=11600]
  0x000002053ff01860 ConcurrentGCThread "G1 Refine#1" [stack: 0x00000069e1400000,0x00000069e1500000] [id=13152]
  0x000002051d1a2af0 ConcurrentGCThread "G1 Service" [stack: 0x00000069df000000,0x00000069df100000] [id=4356]

Threads with active compile tasks:
C2 CompilerThread0   163299 16172       4       java.util.TimSort::sort (229 bytes)
C2 CompilerThread1   163299 16166   !   4       org.gradle.cache.internal.DefaultMultiProcessSafeIndexedCache::getIfPresent (25 bytes)

VM state: not at safepoint (normal execution)

VM Mutex/Monitor currently owned by a thread: None

Heap address: 0x0000000080000000, size: 2048 MB, Compressed Oops mode: 32-bit

CDS archive(s) mapped at: [0x000002051e000000-0x000002051ebd0000-0x000002051ebd0000), size 12386304, SharedBaseAddress: 0x000002051e000000, ArchiveRelocationMode: 1.
Compressed class space mapped at: 0x000002051f000000-0x0000020539000000, reserved size: 436207616
Narrow klass base: 0x000002051e000000, Narrow klass shift: 0, Narrow klass range: 0x100000000

GC Precious Log:
 CPUs: 4 total, 4 available
 Memory: 8064M
 Large Page Support: Disabled
 NUMA Support: Disabled
 Compressed Oops: Enabled (32-bit)
 Heap Region Size: 1M
 Heap Min Capacity: 8M
 Heap Initial Capacity: 128M
 Heap Max Capacity: 2G
 Pre-touch: Disabled
 Parallel Workers: 4
 Concurrent Workers: 1
 Concurrent Refinement Workers: 4
 Periodic GC: Disabled

Heap:
 garbage-first heap   total 254976K, used 204553K [0x0000000080000000, 0x0000000100000000)
  region size 1024K, 10 young (10240K), 4 survivors (4096K)
 Metaspace       used 107135K, committed 108224K, reserved 557056K
  class space    used 14804K, committed 15360K, reserved 425984K

Heap Regions: E=young(eden), S=young(survivor), O=old, HS=humongous(starts), HC=humongous(continues), CS=collection set, F=free, OA=open archive, CA=closed archive, TAMS=top-at-mark-start (previous, next)
|   0|0x0000000080000000, 0x0000000080100000, 0x0000000080100000|100%| O|  |TAMS 0x0000000080100000, 0x0000000080000000| Untracked 
|   1|0x0000000080100000, 0x0000000080200000, 0x0000000080200000|100%| O|  |TAMS 0x0000000080200000, 0x0000000080100000| Untracked 
|   2|0x0000000080200000, 0x0000000080300000, 0x0000000080300000|100%|HS|  |TAMS 0x0000000080300000, 0x0000000080200000| Complete 
|   3|0x0000000080300000, 0x0000000080400000, 0x0000000080400000|100%|HC|  |TAMS 0x0000000080400000, 0x0000000080300000| Complete 
|   4|0x0000000080400000, 0x0000000080500000, 0x0000000080500000|100%|HC|  |TAMS 0x0000000080500000, 0x0000000080400000| Complete 
|   5|0x0000000080500000, 0x0000000080600000, 0x0000000080600000|100%|HC|  |TAMS 0x0000000080600000, 0x0000000080500000| Complete 
|   6|0x0000000080600000, 0x0000000080700000, 0x0000000080700000|100%| O|  |TAMS 0x0000000080700000, 0x0000000080600000| Untracked 
|   7|0x0000000080700000, 0x0000000080800000, 0x0000000080800000|100%| O|  |TAMS 0x0000000080800000, 0x0000000080700000| Untracked 
|   8|0x0000000080800000, 0x0000000080900000, 0x0000000080900000|100%| O|  |TAMS 0x0000000080900000, 0x0000000080800000| Untracked 
|   9|0x0000000080900000, 0x0000000080a00000, 0x0000000080a00000|100%| O|  |TAMS 0x0000000080a00000, 0x0000000080900000| Untracked 
|  10|0x0000000080a00000, 0x0000000080b00000, 0x0000000080b00000|100%| O|  |TAMS 0x0000000080b00000, 0x0000000080a00000| Untracked 
|  11|0x0000000080b00000, 0x0000000080c00000, 0x0000000080c00000|100%| O|  |TAMS 0x0000000080c00000, 0x0000000080b00000| Untracked 
|  12|0x0000000080c00000, 0x0000000080d00000, 0x0000000080d00000|100%| O|  |TAMS 0x0000000080d00000, 0x0000000080c00000| Untracked 
|  13|0x0000000080d00000, 0x0000000080e00000, 0x0000000080e00000|100%| O|  |TAMS 0x0000000080e00000, 0x0000000080d00000| Untracked 
|  14|0x0000000080e00000, 0x0000000080f00000, 0x0000000080f00000|100%| O|  |TAMS 0x0000000080f00000, 0x0000000080e00000| Untracked 
|  15|0x0000000080f00000, 0x0000000081000000, 0x0000000081000000|100%| O|  |TAMS 0x0000000081000000, 0x0000000080f00000| Untracked 
|  16|0x0000000081000000, 0x0000000081100000, 0x0000000081100000|100%| O|  |TAMS 0x0000000081100000, 0x0000000081000000| Untracked 
|  17|0x0000000081100000, 0x0000000081200000, 0x0000000081200000|100%| O|  |TAMS 0x0000000081200000, 0x0000000081100000| Untracked 
|  18|0x0000000081200000, 0x0000000081300000, 0x0000000081300000|100%| O|  |TAMS 0x0000000081300000, 0x0000000081200000| Untracked 
|  19|0x0000000081300000, 0x0000000081400000, 0x0000000081400000|100%| O|  |TAMS 0x0000000081400000, 0x0000000081300000| Untracked 
|  20|0x0000000081400000, 0x0000000081500000, 0x0000000081500000|100%| O|  |TAMS 0x0000000081500000, 0x0000000081400000| Untracked 
|  21|0x0000000081500000, 0x0000000081600000, 0x0000000081600000|100%| O|  |TAMS 0x0000000081600000, 0x0000000081500000| Untracked 
|  22|0x0000000081600000, 0x0000000081700000, 0x0000000081700000|100%| O|  |TAMS 0x0000000081700000, 0x0000000081600000| Untracked 
|  23|0x0000000081700000, 0x0000000081800000, 0x0000000081800000|100%| O|  |TAMS 0x0000000081800000, 0x0000000081700000| Untracked 
|  24|0x0000000081800000, 0x0000000081900000, 0x0000000081900000|100%| O|  |TAMS 0x0000000081900000, 0x0000000081800000| Untracked 
|  25|0x0000000081900000, 0x0000000081a00000, 0x0000000081a00000|100%| O|  |TAMS 0x0000000081a00000, 0x0000000081900000| Untracked 
|  26|0x0000000081a00000, 0x0000000081b00000, 0x0000000081b00000|100%| O|  |TAMS 0x0000000081b00000, 0x0000000081a00000| Untracked 
|  27|0x0000000081b00000, 0x0000000081c00000, 0x0000000081c00000|100%| O|  |TAMS 0x0000000081c00000, 0x0000000081b00000| Untracked 
|  28|0x0000000081c00000, 0x0000000081d00000, 0x0000000081d00000|100%| O|  |TAMS 0x0000000081d00000, 0x0000000081c00000| Untracked 
|  29|0x0000000081d00000, 0x0000000081e00000, 0x0000000081e00000|100%| O|  |TAMS 0x0000000081e00000, 0x0000000081d00000| Untracked 
|  30|0x0000000081e00000, 0x0000000081f00000, 0x0000000081f00000|100%|HS|  |TAMS 0x0000000081f00000, 0x0000000081e00000| Complete 
|  31|0x0000000081f00000, 0x0000000082000000, 0x0000000082000000|100%|HC|  |TAMS 0x0000000082000000, 0x0000000081f00000| Complete 
|  32|0x0000000082000000, 0x0000000082100000, 0x0000000082100000|100%| O|  |TAMS 0x0000000082100000, 0x0000000082000000| Untracked 
|  33|0x0000000082100000, 0x0000000082200000, 0x0000000082200000|100%| O|  |TAMS 0x0000000082200000, 0x0000000082100000| Untracked 
|  34|0x0000000082200000, 0x0000000082300000, 0x0000000082300000|100%| O|  |TAMS 0x0000000082300000, 0x0000000082200000| Untracked 
|  35|0x0000000082300000, 0x0000000082400000, 0x0000000082400000|100%| O|  |TAMS 0x0000000082400000, 0x0000000082300000| Untracked 
|  36|0x0000000082400000, 0x0000000082500000, 0x0000000082500000|100%| O|  |TAMS 0x0000000082500000, 0x0000000082400000| Untracked 
|  37|0x0000000082500000, 0x0000000082600000, 0x0000000082600000|100%| O|  |TAMS 0x0000000082600000, 0x0000000082500000| Untracked 
|  38|0x0000000082600000, 0x0000000082700000, 0x0000000082700000|100%| O|  |TAMS 0x0000000082700000, 0x0000000082600000| Untracked 
|  39|0x0000000082700000, 0x0000000082800000, 0x0000000082800000|100%|HS|  |TAMS 0x0000000082800000, 0x0000000082700000| Complete 
|  40|0x0000000082800000, 0x0000000082900000, 0x0000000082900000|100%|HC|  |TAMS 0x0000000082900000, 0x0000000082800000| Complete 
|  41|0x0000000082900000, 0x0000000082a00000, 0x0000000082a00000|100%| O|  |TAMS 0x0000000082a00000, 0x0000000082900000| Untracked 
|  42|0x0000000082a00000, 0x0000000082b00000, 0x0000000082b00000|100%|HS|  |TAMS 0x0000000082b00000, 0x0000000082a00000| Complete 
|  43|0x0000000082b00000, 0x0000000082c00000, 0x0000000082c00000|100%|HC|  |TAMS 0x0000000082c00000, 0x0000000082b00000| Complete 
|  44|0x0000000082c00000, 0x0000000082d00000, 0x0000000082d00000|100%|HC|  |TAMS 0x0000000082d00000, 0x0000000082c00000| Complete 
|  45|0x0000000082d00000, 0x0000000082e00000, 0x0000000082e00000|100%|HC|  |TAMS 0x0000000082e00000, 0x0000000082d00000| Complete 
|  46|0x0000000082e00000, 0x0000000082f00000, 0x0000000082f00000|100%| O|  |TAMS 0x0000000082f00000, 0x0000000082e00000| Untracked 
|  47|0x0000000082f00000, 0x0000000083000000, 0x0000000083000000|100%| O|  |TAMS 0x0000000083000000, 0x0000000082f00000| Untracked 
|  48|0x0000000083000000, 0x0000000083100000, 0x0000000083100000|100%| O|  |TAMS 0x0000000083100000, 0x0000000083000000| Untracked 
|  49|0x0000000083100000, 0x0000000083200000, 0x0000000083200000|100%| O|  |TAMS 0x0000000083200000, 0x0000000083100000| Untracked 
|  50|0x0000000083200000, 0x0000000083300000, 0x0000000083300000|100%|HS|  |TAMS 0x0000000083300000, 0x0000000083200000| Complete 
|  51|0x0000000083300000, 0x0000000083400000, 0x0000000083400000|100%|HC|  |TAMS 0x0000000083400000, 0x0000000083300000| Complete 
|  52|0x0000000083400000, 0x0000000083500000, 0x0000000083500000|100%|HC|  |TAMS 0x0000000083500000, 0x0000000083400000| Complete 
|  53|0x0000000083500000, 0x0000000083600000, 0x0000000083600000|100%|HC|  |TAMS 0x0000000083600000, 0x0000000083500000| Complete 
|  54|0x0000000083600000, 0x0000000083700000, 0x0000000083700000|100%| O|  |TAMS 0x0000000083700000, 0x0000000083600000| Untracked 
|  55|0x0000000083700000, 0x0000000083800000, 0x0000000083800000|100%| O|  |TAMS 0x0000000083800000, 0x0000000083700000| Untracked 
|  56|0x0000000083800000, 0x0000000083900000, 0x0000000083900000|100%| O|  |TAMS 0x0000000083900000, 0x0000000083800000| Untracked 
|  57|0x0000000083900000, 0x0000000083a00000, 0x0000000083a00000|100%| O|  |TAMS 0x0000000083a00000, 0x0000000083900000| Untracked 
|  58|0x0000000083a00000, 0x0000000083b00000, 0x0000000083b00000|100%| O|  |TAMS 0x0000000083b00000, 0x0000000083a00000| Untracked 
|  59|0x0000000083b00000, 0x0000000083c00000, 0x0000000083c00000|100%| O|  |TAMS 0x0000000083c00000, 0x0000000083b00000| Untracked 
|  60|0x0000000083c00000, 0x0000000083d00000, 0x0000000083d00000|100%| O|  |TAMS 0x0000000083d00000, 0x0000000083c00000| Untracked 
|  61|0x0000000083d00000, 0x0000000083e00000, 0x0000000083e00000|100%| O|  |TAMS 0x0000000083e00000, 0x0000000083d00000| Untracked 
|  62|0x0000000083e00000, 0x0000000083f00000, 0x0000000083f00000|100%| O|  |TAMS 0x0000000083f00000, 0x0000000083e00000| Untracked 
|  63|0x0000000083f00000, 0x0000000084000000, 0x0000000084000000|100%| O|  |TAMS 0x0000000084000000, 0x0000000083f00000| Untracked 
|  64|0x0000000084000000, 0x0000000084100000, 0x0000000084100000|100%|HS|  |TAMS 0x0000000084100000, 0x0000000084000000| Complete 
|  65|0x0000000084100000, 0x0000000084200000, 0x0000000084200000|100%|HS|  |TAMS 0x0000000084200000, 0x0000000084100000| Complete 
|  66|0x0000000084200000, 0x0000000084300000, 0x0000000084300000|100%|HS|  |TAMS 0x0000000084300000, 0x0000000084200000| Complete 
|  67|0x0000000084300000, 0x0000000084400000, 0x0000000084400000|100%| O|  |TAMS 0x0000000084400000, 0x0000000084300000| Untracked 
|  68|0x0000000084400000, 0x0000000084500000, 0x0000000084500000|100%| O|  |TAMS 0x0000000084500000, 0x0000000084400000| Untracked 
|  69|0x0000000084500000, 0x0000000084600000, 0x0000000084600000|100%| O|  |TAMS 0x0000000084600000, 0x0000000084500000| Untracked 
|  70|0x0000000084600000, 0x0000000084700000, 0x0000000084700000|100%|HS|  |TAMS 0x0000000084700000, 0x0000000084600000| Complete 
|  71|0x0000000084700000, 0x0000000084800000, 0x0000000084800000|100%| O|  |TAMS 0x0000000084800000, 0x0000000084700000| Untracked 
|  72|0x0000000084800000, 0x0000000084900000, 0x0000000084900000|100%| O|  |TAMS 0x0000000084900000, 0x0000000084800000| Untracked 
|  73|0x0000000084900000, 0x0000000084a00000, 0x0000000084a00000|100%| O|  |TAMS 0x0000000084a00000, 0x0000000084900000| Untracked 
|  74|0x0000000084a00000, 0x0000000084b00000, 0x0000000084b00000|100%| O|  |TAMS 0x0000000084b00000, 0x0000000084a00000| Untracked 
|  75|0x0000000084b00000, 0x0000000084c00000, 0x0000000084c00000|100%| O|  |TAMS 0x0000000084c00000, 0x0000000084b00000| Untracked 
|  76|0x0000000084c00000, 0x0000000084d00000, 0x0000000084d00000|100%| O|  |TAMS 0x0000000084d00000, 0x0000000084c00000| Untracked 
|  77|0x0000000084d00000, 0x0000000084e00000, 0x0000000084e00000|100%|HS|  |TAMS 0x0000000084e00000, 0x0000000084d00000| Complete 
|  78|0x0000000084e00000, 0x0000000084f00000, 0x0000000084f00000|100%| O|  |TAMS 0x0000000084f00000, 0x0000000084e00000| Untracked 
|  79|0x0000000084f00000, 0x0000000085000000, 0x0000000085000000|100%| O|  |TAMS 0x0000000085000000, 0x0000000084f00000| Untracked 
|  80|0x0000000085000000, 0x0000000085100000, 0x0000000085100000|100%| O|  |TAMS 0x0000000085100000, 0x0000000085000000| Untracked 
|  81|0x0000000085100000, 0x0000000085200000, 0x0000000085200000|100%| O|  |TAMS 0x0000000085200000, 0x0000000085100000| Untracked 
|  82|0x0000000085200000, 0x0000000085300000, 0x0000000085300000|100%| O|  |TAMS 0x0000000085300000, 0x0000000085200000| Untracked 
|  83|0x0000000085300000, 0x0000000085400000, 0x0000000085400000|100%| O|  |TAMS 0x0000000085400000, 0x0000000085300000| Untracked 
|  84|0x0000000085400000, 0x0000000085500000, 0x0000000085500000|100%| O|  |TAMS 0x0000000085500000, 0x0000000085400000| Untracked 
|  85|0x0000000085500000, 0x0000000085600000, 0x0000000085600000|100%| O|  |TAMS 0x0000000085600000, 0x0000000085500000| Untracked 
|  86|0x0000000085600000, 0x0000000085700000, 0x0000000085700000|100%| O|  |TAMS 0x0000000085700000, 0x0000000085600000| Untracked 
|  87|0x0000000085700000, 0x0000000085800000, 0x0000000085800000|100%| O|  |TAMS 0x0000000085800000, 0x0000000085700000| Untracked 
|  88|0x0000000085800000, 0x0000000085900000, 0x0000000085900000|100%| O|  |TAMS 0x0000000085900000, 0x0000000085800000| Untracked 
|  89|0x0000000085900000, 0x0000000085a00000, 0x0000000085a00000|100%| O|  |TAMS 0x0000000085a00000, 0x0000000085900000| Untracked 
|  90|0x0000000085a00000, 0x0000000085b00000, 0x0000000085b00000|100%| O|  |TAMS 0x0000000085b00000, 0x0000000085a00000| Untracked 
|  91|0x0000000085b00000, 0x0000000085c00000, 0x0000000085c00000|100%|HS|  |TAMS 0x0000000085c00000, 0x0000000085b00000| Complete 
|  92|0x0000000085c00000, 0x0000000085d00000, 0x0000000085d00000|100%|HC|  |TAMS 0x0000000085d00000, 0x0000000085c00000| Complete 
|  93|0x0000000085d00000, 0x0000000085e00000, 0x0000000085e00000|100%|HS|  |TAMS 0x0000000085e00000, 0x0000000085d00000| Complete 
|  94|0x0000000085e00000, 0x0000000085f00000, 0x0000000085f00000|100%|HC|  |TAMS 0x0000000085f00000, 0x0000000085e00000| Complete 
|  95|0x0000000085f00000, 0x0000000086000000, 0x0000000086000000|100%| O|  |TAMS 0x0000000086000000, 0x0000000085f00000| Untracked 
|  96|0x0000000086000000, 0x0000000086100000, 0x0000000086100000|100%| O|  |TAMS 0x0000000086100000, 0x0000000086000000| Untracked 
|  97|0x0000000086100000, 0x0000000086200000, 0x0000000086200000|100%| O|  |TAMS 0x0000000086200000, 0x0000000086100000| Untracked 
|  98|0x0000000086200000, 0x0000000086300000, 0x0000000086300000|100%| O|  |TAMS 0x0000000086300000, 0x0000000086200000| Untracked 
|  99|0x0000000086300000, 0x0000000086400000, 0x0000000086400000|100%| O|  |TAMS 0x0000000086400000, 0x0000000086300000| Untracked 
| 100|0x0000000086400000, 0x0000000086500000, 0x0000000086500000|100%| O|  |TAMS 0x0000000086500000, 0x0000000086400000| Untracked 
| 101|0x0000000086500000, 0x0000000086600000, 0x0000000086600000|100%| O|  |TAMS 0x0000000086600000, 0x0000000086500000| Untracked 
| 102|0x0000000086600000, 0x0000000086700000, 0x0000000086700000|100%| O|  |TAMS 0x0000000086700000, 0x0000000086600000| Untracked 
| 103|0x0000000086700000, 0x0000000086800000, 0x0000000086800000|100%| O|  |TAMS 0x0000000086800000, 0x0000000086700000| Untracked 
| 104|0x0000000086800000, 0x0000000086900000, 0x0000000086900000|100%| O|  |TAMS 0x0000000086900000, 0x0000000086800000| Untracked 
| 105|0x0000000086900000, 0x0000000086a00000, 0x0000000086a00000|100%| O|  |TAMS 0x0000000086a00000, 0x0000000086900000| Untracked 
| 106|0x0000000086a00000, 0x0000000086b00000, 0x0000000086b00000|100%| O|  |TAMS 0x0000000086b00000, 0x0000000086a00000| Untracked 
| 107|0x0000000086b00000, 0x0000000086c00000, 0x0000000086c00000|100%| O|  |TAMS 0x0000000086b00000, 0x0000000086b00000| Untracked 
| 108|0x0000000086c00000, 0x0000000086d00000, 0x0000000086d00000|100%|HS|  |TAMS 0x0000000086d00000, 0x0000000086c00000| Complete 
| 109|0x0000000086d00000, 0x0000000086e00000, 0x0000000086e00000|100%|HS|  |TAMS 0x0000000086e00000, 0x0000000086d00000| Complete 
| 110|0x0000000086e00000, 0x0000000086f00000, 0x0000000086f00000|100%|HC|  |TAMS 0x0000000086f00000, 0x0000000086e00000| Complete 
| 111|0x0000000086f00000, 0x0000000087000000, 0x0000000087000000|100%| O|  |TAMS 0x0000000086f00000, 0x0000000086f00000| Untracked 
| 112|0x0000000087000000, 0x0000000087100000, 0x0000000087100000|100%| O|  |TAMS 0x0000000087000000, 0x0000000087000000| Untracked 
| 113|0x0000000087100000, 0x0000000087200000, 0x0000000087200000|100%| O|  |TAMS 0x0000000087100000, 0x0000000087100000| Untracked 
| 114|0x0000000087200000, 0x0000000087300000, 0x0000000087300000|100%| O|  |TAMS 0x0000000087200000, 0x0000000087200000| Untracked 
| 115|0x0000000087300000, 0x0000000087400000, 0x0000000087400000|100%| O|  |TAMS 0x0000000087300000, 0x0000000087300000| Untracked 
| 116|0x0000000087400000, 0x0000000087500000, 0x0000000087500000|100%| O|  |TAMS 0x0000000087400000, 0x0000000087400000| Untracked 
| 117|0x0000000087500000, 0x0000000087600000, 0x0000000087600000|100%|HS|  |TAMS 0x0000000087500000, 0x0000000087500000| Complete 
| 118|0x0000000087600000, 0x0000000087700000, 0x0000000087700000|100%|HS|  |TAMS 0x0000000087600000, 0x0000000087600000| Complete 
| 119|0x0000000087700000, 0x0000000087800000, 0x0000000087800000|100%| O|  |TAMS 0x0000000087700000, 0x0000000087700000| Untracked 
| 120|0x0000000087800000, 0x0000000087900000, 0x0000000087900000|100%| O|  |TAMS 0x0000000087800000, 0x0000000087800000| Untracked 
| 121|0x0000000087900000, 0x0000000087a00000, 0x0000000087a00000|100%| O|  |TAMS 0x0000000087900000, 0x0000000087900000| Untracked 
| 122|0x0000000087a00000, 0x0000000087b00000, 0x0000000087b00000|100%| O|  |TAMS 0x0000000087a00000, 0x0000000087a00000| Untracked 
| 123|0x0000000087b00000, 0x0000000087c00000, 0x0000000087c00000|100%| O|  |TAMS 0x0000000087b00000, 0x0000000087b00000| Untracked 
| 124|0x0000000087c00000, 0x0000000087d00000, 0x0000000087d00000|100%| O|  |TAMS 0x0000000087c00000, 0x0000000087c00000| Untracked 
| 125|0x0000000087d00000, 0x0000000087e00000, 0x0000000087e00000|100%| O|  |TAMS 0x0000000087d00000, 0x0000000087d00000| Untracked 
| 126|0x0000000087e00000, 0x0000000087f00000, 0x0000000087f00000|100%| O|  |TAMS 0x0000000087e00000, 0x0000000087e00000| Untracked 
| 127|0x0000000087f00000, 0x0000000088000000, 0x0000000088000000|100%| O|  |TAMS 0x0000000087f00000, 0x0000000087f00000| Untracked 
| 128|0x0000000088000000, 0x0000000088100000, 0x0000000088100000|100%| O|  |TAMS 0x0000000088000000, 0x0000000088000000| Untracked 
| 129|0x0000000088100000, 0x0000000088200000, 0x0000000088200000|100%| O|  |TAMS 0x0000000088100000, 0x0000000088100000| Untracked 
| 130|0x0000000088200000, 0x0000000088300000, 0x0000000088300000|100%| O|  |TAMS 0x0000000088200000, 0x0000000088200000| Untracked 
| 131|0x0000000088300000, 0x0000000088400000, 0x0000000088400000|100%| O|  |TAMS 0x0000000088300000, 0x0000000088300000| Untracked 
| 132|0x0000000088400000, 0x0000000088500000, 0x0000000088500000|100%| O|  |TAMS 0x0000000088400000, 0x0000000088400000| Untracked 
| 133|0x0000000088500000, 0x0000000088600000, 0x0000000088600000|100%| O|  |TAMS 0x0000000088500000, 0x0000000088500000| Untracked 
| 134|0x0000000088600000, 0x0000000088700000, 0x0000000088700000|100%| O|  |TAMS 0x0000000088600000, 0x0000000088600000| Untracked 
| 135|0x0000000088700000, 0x0000000088800000, 0x0000000088800000|100%| O|  |TAMS 0x0000000088700000, 0x0000000088700000| Untracked 
| 136|0x0000000088800000, 0x0000000088900000, 0x0000000088900000|100%| O|  |TAMS 0x0000000088800000, 0x0000000088800000| Untracked 
| 137|0x0000000088900000, 0x0000000088a00000, 0x0000000088a00000|100%| O|  |TAMS 0x0000000088900000, 0x0000000088900000| Untracked 
| 138|0x0000000088a00000, 0x0000000088b00000, 0x0000000088b00000|100%| O|  |TAMS 0x0000000088a00000, 0x0000000088a00000| Untracked 
| 139|0x0000000088b00000, 0x0000000088c00000, 0x0000000088c00000|100%| O|  |TAMS 0x0000000088b00000, 0x0000000088b00000| Untracked 
| 140|0x0000000088c00000, 0x0000000088d00000, 0x0000000088d00000|100%| O|  |TAMS 0x0000000088c00000, 0x0000000088c00000| Untracked 
| 141|0x0000000088d00000, 0x0000000088e00000, 0x0000000088e00000|100%| O|  |TAMS 0x0000000088d00000, 0x0000000088d00000| Untracked 
| 142|0x0000000088e00000, 0x0000000088f00000, 0x0000000088f00000|100%| O|  |TAMS 0x0000000088e00000, 0x0000000088e00000| Untracked 
| 143|0x0000000088f00000, 0x0000000089000000, 0x0000000089000000|100%| O|  |TAMS 0x0000000088f00000, 0x0000000088f00000| Untracked 
| 144|0x0000000089000000, 0x0000000089100000, 0x0000000089100000|100%| O|  |TAMS 0x0000000089000000, 0x0000000089000000| Untracked 
| 145|0x0000000089100000, 0x0000000089200000, 0x0000000089200000|100%| O|  |TAMS 0x0000000089100000, 0x0000000089100000| Untracked 
| 146|0x0000000089200000, 0x0000000089300000, 0x0000000089300000|100%| O|  |TAMS 0x0000000089200000, 0x0000000089200000| Untracked 
| 147|0x0000000089300000, 0x0000000089400000, 0x0000000089400000|100%| O|  |TAMS 0x0000000089300000, 0x0000000089300000| Untracked 
| 148|0x0000000089400000, 0x0000000089500000, 0x0000000089500000|100%| O|  |TAMS 0x0000000089400000, 0x0000000089400000| Untracked 
| 149|0x0000000089500000, 0x0000000089600000, 0x0000000089600000|100%| O|  |TAMS 0x0000000089500000, 0x0000000089500000| Untracked 
| 150|0x0000000089600000, 0x0000000089700000, 0x0000000089700000|100%| O|  |TAMS 0x0000000089600000, 0x0000000089600000| Untracked 
| 151|0x0000000089700000, 0x0000000089800000, 0x0000000089800000|100%| O|  |TAMS 0x0000000089700000, 0x0000000089700000| Untracked 
| 152|0x0000000089800000, 0x0000000089900000, 0x0000000089900000|100%|HS|  |TAMS 0x0000000089800000, 0x0000000089800000| Complete 
| 153|0x0000000089900000, 0x0000000089a00000, 0x0000000089a00000|100%| O|  |TAMS 0x0000000089900000, 0x0000000089900000| Untracked 
| 154|0x0000000089a00000, 0x0000000089b00000, 0x0000000089b00000|100%| O|  |TAMS 0x0000000089a00000, 0x0000000089a00000| Untracked 
| 155|0x0000000089b00000, 0x0000000089c00000, 0x0000000089c00000|100%| O|  |TAMS 0x0000000089b00000, 0x0000000089b00000| Untracked 
| 156|0x0000000089c00000, 0x0000000089d00000, 0x0000000089d00000|100%| O|  |TAMS 0x0000000089c00000, 0x0000000089c00000| Untracked 
| 157|0x0000000089d00000, 0x0000000089e00000, 0x0000000089e00000|100%| O|  |TAMS 0x0000000089d00000, 0x0000000089d00000| Untracked 
| 158|0x0000000089e00000, 0x0000000089f00000, 0x0000000089f00000|100%| O|  |TAMS 0x0000000089e00000, 0x0000000089e00000| Untracked 
| 159|0x0000000089f00000, 0x000000008a000000, 0x000000008a000000|100%| O|  |TAMS 0x0000000089f00000, 0x0000000089f00000| Untracked 
| 160|0x000000008a000000, 0x000000008a100000, 0x000000008a100000|100%| O|  |TAMS 0x000000008a000000, 0x000000008a000000| Untracked 
| 161|0x000000008a100000, 0x000000008a200000, 0x000000008a200000|100%| O|  |TAMS 0x000000008a100000, 0x000000008a100000| Untracked 
| 162|0x000000008a200000, 0x000000008a300000, 0x000000008a300000|100%| O|  |TAMS 0x000000008a200000, 0x000000008a200000| Untracked 
| 163|0x000000008a300000, 0x000000008a400000, 0x000000008a400000|100%| O|  |TAMS 0x000000008a300000, 0x000000008a300000| Untracked 
| 164|0x000000008a400000, 0x000000008a500000, 0x000000008a500000|100%| O|  |TAMS 0x000000008a400000, 0x000000008a400000| Untracked 
| 165|0x000000008a500000, 0x000000008a600000, 0x000000008a600000|100%| O|  |TAMS 0x000000008a500000, 0x000000008a500000| Untracked 
| 166|0x000000008a600000, 0x000000008a700000, 0x000000008a700000|100%| O|  |TAMS 0x000000008a600000, 0x000000008a600000| Untracked 
| 167|0x000000008a700000, 0x000000008a800000, 0x000000008a800000|100%| O|  |TAMS 0x000000008a700000, 0x000000008a700000| Untracked 
| 168|0x000000008a800000, 0x000000008a900000, 0x000000008a900000|100%| O|  |TAMS 0x000000008a800000, 0x000000008a800000| Untracked 
| 169|0x000000008a900000, 0x000000008aa00000, 0x000000008aa00000|100%| O|  |TAMS 0x000000008a900000, 0x000000008a900000| Untracked 
| 170|0x000000008aa00000, 0x000000008ab00000, 0x000000008ab00000|100%| O|  |TAMS 0x000000008aa00000, 0x000000008aa00000| Untracked 
| 171|0x000000008ab00000, 0x000000008ac00000, 0x000000008ac00000|100%| O|  |TAMS 0x000000008ab00000, 0x000000008ab00000| Untracked 
| 172|0x000000008ac00000, 0x000000008ad00000, 0x000000008ad00000|100%| O|  |TAMS 0x000000008ac00000, 0x000000008ac00000| Untracked 
| 173|0x000000008ad00000, 0x000000008ae00000, 0x000000008ae00000|100%| O|  |TAMS 0x000000008ad00000, 0x000000008ad00000| Untracked 
| 174|0x000000008ae00000, 0x000000008af00000, 0x000000008af00000|100%| O|  |TAMS 0x000000008ae00000, 0x000000008ae00000| Untracked 
| 175|0x000000008af00000, 0x000000008b000000, 0x000000008b000000|100%| O|  |TAMS 0x000000008af00000, 0x000000008af00000| Untracked 
| 176|0x000000008b000000, 0x000000008b100000, 0x000000008b100000|100%| O|  |TAMS 0x000000008b000000, 0x000000008b000000| Untracked 
| 177|0x000000008b100000, 0x000000008b200000, 0x000000008b200000|100%| O|  |TAMS 0x000000008b100000, 0x000000008b100000| Untracked 
| 178|0x000000008b200000, 0x000000008b300000, 0x000000008b300000|100%| O|  |TAMS 0x000000008b200000, 0x000000008b200000| Untracked 
| 179|0x000000008b300000, 0x000000008b400000, 0x000000008b400000|100%| O|  |TAMS 0x000000008b300000, 0x000000008b300000| Untracked 
| 180|0x000000008b400000, 0x000000008b500000, 0x000000008b500000|100%| O|  |TAMS 0x000000008b400000, 0x000000008b400000| Untracked 
| 181|0x000000008b500000, 0x000000008b600000, 0x000000008b600000|100%| O|  |TAMS 0x000000008b500000, 0x000000008b500000| Untracked 
| 182|0x000000008b600000, 0x000000008b700000, 0x000000008b700000|100%| O|  |TAMS 0x000000008b600000, 0x000000008b600000| Untracked 
| 183|0x000000008b700000, 0x000000008b800000, 0x000000008b800000|100%| O|  |TAMS 0x000000008b700000, 0x000000008b700000| Untracked 
| 184|0x000000008b800000, 0x000000008b900000, 0x000000008b900000|100%| O|  |TAMS 0x000000008b800000, 0x000000008b800000| Untracked 
| 185|0x000000008b900000, 0x000000008ba00000, 0x000000008ba00000|100%| O|  |TAMS 0x000000008b900000, 0x000000008b900000| Untracked 
| 186|0x000000008ba00000, 0x000000008bac2600, 0x000000008bb00000| 75%| O|  |TAMS 0x000000008ba00000, 0x000000008ba00000| Untracked 
| 187|0x000000008bb00000, 0x000000008bc00000, 0x000000008bc00000|100%| O|  |TAMS 0x000000008bb00000, 0x000000008bb00000| Untracked 
| 188|0x000000008bc00000, 0x000000008bd00000, 0x000000008bd00000|100%| O|  |TAMS 0x000000008bc00000, 0x000000008bc00000| Untracked 
| 189|0x000000008bd00000, 0x000000008be00000, 0x000000008be00000|100%| O|  |TAMS 0x000000008bd00000, 0x000000008bd00000| Untracked 
| 190|0x000000008be00000, 0x000000008bf00000, 0x000000008bf00000|100%| O|  |TAMS 0x000000008be00000, 0x000000008be00000| Untracked 
| 191|0x000000008bf00000, 0x000000008bf00000, 0x000000008c000000|  0%| F|  |TAMS 0x000000008bf00000, 0x000000008bf00000| Untracked 
| 192|0x000000008c000000, 0x000000008c000000, 0x000000008c100000|  0%| F|  |TAMS 0x000000008c000000, 0x000000008c000000| Untracked 
| 193|0x000000008c100000, 0x000000008c100000, 0x000000008c200000|  0%| F|  |TAMS 0x000000008c100000, 0x000000008c100000| Untracked 
| 194|0x000000008c200000, 0x000000008c200000, 0x000000008c300000|  0%| F|  |TAMS 0x000000008c200000, 0x000000008c200000| Untracked 
| 195|0x000000008c300000, 0x000000008c300000, 0x000000008c400000|  0%| F|  |TAMS 0x000000008c300000, 0x000000008c300000| Untracked 
| 196|0x000000008c400000, 0x000000008c400000, 0x000000008c500000|  0%| F|  |TAMS 0x000000008c400000, 0x000000008c400000| Untracked 
| 197|0x000000008c500000, 0x000000008c500000, 0x000000008c600000|  0%| F|  |TAMS 0x000000008c500000, 0x000000008c500000| Untracked 
| 198|0x000000008c600000, 0x000000008c600000, 0x000000008c700000|  0%| F|  |TAMS 0x000000008c600000, 0x000000008c600000| Untracked 
| 199|0x000000008c700000, 0x000000008c700000, 0x000000008c800000|  0%| F|  |TAMS 0x000000008c700000, 0x000000008c700000| Untracked 
| 200|0x000000008c800000, 0x000000008c800000, 0x000000008c900000|  0%| F|  |TAMS 0x000000008c800000, 0x000000008c800000| Untracked 
| 201|0x000000008c900000, 0x000000008c900000, 0x000000008ca00000|  0%| F|  |TAMS 0x000000008c900000, 0x000000008c900000| Untracked 
| 202|0x000000008ca00000, 0x000000008ca00000, 0x000000008cb00000|  0%| F|  |TAMS 0x000000008ca00000, 0x000000008ca00000| Untracked 
| 203|0x000000008cb00000, 0x000000008cb00000, 0x000000008cc00000|  0%| F|  |TAMS 0x000000008cb00000, 0x000000008cb00000| Untracked 
| 204|0x000000008cc00000, 0x000000008cc00000, 0x000000008cd00000|  0%| F|  |TAMS 0x000000008cc00000, 0x000000008cc00000| Untracked 
| 205|0x000000008cd00000, 0x000000008cd00000, 0x000000008ce00000|  0%| F|  |TAMS 0x000000008cd00000, 0x000000008cd00000| Untracked 
| 206|0x000000008ce00000, 0x000000008ce00000, 0x000000008cf00000|  0%| F|  |TAMS 0x000000008ce00000, 0x000000008ce00000| Untracked 
| 207|0x000000008cf00000, 0x000000008cf00000, 0x000000008d000000|  0%| F|  |TAMS 0x000000008cf00000, 0x000000008cf00000| Untracked 
| 208|0x000000008d000000, 0x000000008d000000, 0x000000008d100000|  0%| F|  |TAMS 0x000000008d000000, 0x000000008d000000| Untracked 
| 209|0x000000008d100000, 0x000000008d100000, 0x000000008d200000|  0%| F|  |TAMS 0x000000008d100000, 0x000000008d100000| Untracked 
| 210|0x000000008d200000, 0x000000008d200000, 0x000000008d300000|  0%| F|  |TAMS 0x000000008d200000, 0x000000008d200000| Untracked 
| 211|0x000000008d300000, 0x000000008d300000, 0x000000008d400000|  0%| F|  |TAMS 0x000000008d300000, 0x000000008d300000| Untracked 
| 212|0x000000008d400000, 0x000000008d400000, 0x000000008d500000|  0%| F|  |TAMS 0x000000008d400000, 0x000000008d400000| Untracked 
| 213|0x000000008d500000, 0x000000008d500000, 0x000000008d600000|  0%| F|  |TAMS 0x000000008d500000, 0x000000008d500000| Untracked 
| 214|0x000000008d600000, 0x000000008d600000, 0x000000008d700000|  0%| F|  |TAMS 0x000000008d600000, 0x000000008d600000| Untracked 
| 215|0x000000008d700000, 0x000000008d700000, 0x000000008d800000|  0%| F|  |TAMS 0x000000008d700000, 0x000000008d700000| Untracked 
| 216|0x000000008d800000, 0x000000008d800000, 0x000000008d900000|  0%| F|  |TAMS 0x000000008d800000, 0x000000008d800000| Untracked 
| 217|0x000000008d900000, 0x000000008d900000, 0x000000008da00000|  0%| F|  |TAMS 0x000000008d900000, 0x000000008d900000| Untracked 
| 218|0x000000008da00000, 0x000000008db00000, 0x000000008db00000|100%| S|CS|TAMS 0x000000008da00000, 0x000000008da00000| Complete 
| 219|0x000000008db00000, 0x000000008dc00000, 0x000000008dc00000|100%| S|CS|TAMS 0x000000008db00000, 0x000000008db00000| Complete 
| 220|0x000000008dc00000, 0x000000008dd00000, 0x000000008dd00000|100%| S|CS|TAMS 0x000000008dc00000, 0x000000008dc00000| Complete 
| 221|0x000000008dd00000, 0x000000008de00000, 0x000000008de00000|100%| S|CS|TAMS 0x000000008dd00000, 0x000000008dd00000| Complete 
| 222|0x000000008de00000, 0x000000008de00000, 0x000000008df00000|  0%| F|  |TAMS 0x000000008de00000, 0x000000008de00000| Untracked 
| 223|0x000000008df00000, 0x000000008df00000, 0x000000008e000000|  0%| F|  |TAMS 0x000000008df00000, 0x000000008df00000| Untracked 
| 224|0x000000008e000000, 0x000000008e000000, 0x000000008e100000|  0%| F|  |TAMS 0x000000008e000000, 0x000000008e000000| Untracked 
| 225|0x000000008e100000, 0x000000008e100000, 0x000000008e200000|  0%| F|  |TAMS 0x000000008e100000, 0x000000008e100000| Untracked 
| 226|0x000000008e200000, 0x000000008e200000, 0x000000008e300000|  0%| F|  |TAMS 0x000000008e200000, 0x000000008e200000| Untracked 
| 227|0x000000008e300000, 0x000000008e300000, 0x000000008e400000|  0%| F|  |TAMS 0x000000008e300000, 0x000000008e300000| Untracked 
| 228|0x000000008e400000, 0x000000008e400000, 0x000000008e500000|  0%| F|  |TAMS 0x000000008e400000, 0x000000008e400000| Untracked 
| 229|0x000000008e500000, 0x000000008e500000, 0x000000008e600000|  0%| F|  |TAMS 0x000000008e500000, 0x000000008e500000| Untracked 
| 230|0x000000008e600000, 0x000000008e600000, 0x000000008e700000|  0%| F|  |TAMS 0x000000008e600000, 0x000000008e600000| Untracked 
| 231|0x000000008e700000, 0x000000008e700000, 0x000000008e800000|  0%| F|  |TAMS 0x000000008e700000, 0x000000008e700000| Untracked 
| 232|0x000000008e800000, 0x000000008e800000, 0x000000008e900000|  0%| F|  |TAMS 0x000000008e800000, 0x000000008e800000| Untracked 
| 233|0x000000008e900000, 0x000000008e900000, 0x000000008ea00000|  0%| F|  |TAMS 0x000000008e900000, 0x000000008e900000| Untracked 
| 234|0x000000008ea00000, 0x000000008ea00000, 0x000000008eb00000|  0%| F|  |TAMS 0x000000008ea00000, 0x000000008ea00000| Untracked 
| 235|0x000000008eb00000, 0x000000008eb00000, 0x000000008ec00000|  0%| F|  |TAMS 0x000000008eb00000, 0x000000008eb00000| Untracked 
| 236|0x000000008ec00000, 0x000000008ec00000, 0x000000008ed00000|  0%| F|  |TAMS 0x000000008ec00000, 0x000000008ec00000| Untracked 
| 237|0x000000008ed00000, 0x000000008ed00000, 0x000000008ee00000|  0%| F|  |TAMS 0x000000008ed00000, 0x000000008ed00000| Untracked 
| 238|0x000000008ee00000, 0x000000008ee00000, 0x000000008ef00000|  0%| F|  |TAMS 0x000000008ee00000, 0x000000008ee00000| Untracked 
| 239|0x000000008ef00000, 0x000000008ef00000, 0x000000008f000000|  0%| F|  |TAMS 0x000000008ef00000, 0x000000008ef00000| Untracked 
| 240|0x000000008f000000, 0x000000008f000000, 0x000000008f100000|  0%| F|  |TAMS 0x000000008f000000, 0x000000008f000000| Untracked 
| 241|0x000000008f100000, 0x000000008f100000, 0x000000008f200000|  0%| F|  |TAMS 0x000000008f100000, 0x000000008f100000| Untracked 
| 242|0x000000008f200000, 0x000000008f200000, 0x000000008f300000|  0%| F|  |TAMS 0x000000008f200000, 0x000000008f200000| Untracked 
| 243|0x000000008f300000, 0x000000008f3cde90, 0x000000008f400000| 80%| E|  |TAMS 0x000000008f300000, 0x000000008f300000| Complete 
| 244|0x000000008f400000, 0x000000008f500000, 0x000000008f500000|100%| E|CS|TAMS 0x000000008f400000, 0x000000008f400000| Complete 
| 245|0x000000008f500000, 0x000000008f600000, 0x000000008f600000|100%| E|CS|TAMS 0x000000008f500000, 0x000000008f500000| Complete 
| 246|0x000000008f600000, 0x000000008f700000, 0x000000008f700000|100%| E|CS|TAMS 0x000000008f600000, 0x000000008f600000| Complete 
| 247|0x000000008f700000, 0x000000008f800000, 0x000000008f800000|100%| E|CS|TAMS 0x000000008f700000, 0x000000008f700000| Complete 
| 248|0x000000008f800000, 0x000000008f900000, 0x000000008f900000|100%| E|CS|TAMS 0x000000008f800000, 0x000000008f800000| Complete 

Card table byte_map: [0x000002057fbe0000,0x000002057ffe0000] _byte_map_base: 0x000002057f7e0000

Marking Bits (Prev, Next): (CMBitMap*) 0x000002057f783f90, (CMBitMap*) 0x000002057f783fd0
 Prev Bits: [0x0000020516e40000, 0x0000020518e40000)
 Next Bits: [0x0000020518e40000, 0x000002051ae40000)

Polling page: 0x000002057eee0000

Metaspace:

Usage:
  Non-class:     90.17 MB used.
      Class:     14.46 MB used.
       Both:    104.62 MB used.

Virtual space:
  Non-class space:      128.00 MB reserved,      90.69 MB ( 71%) committed,  2 nodes.
      Class space:      416.00 MB reserved,      15.00 MB (  4%) committed,  1 nodes.
             Both:      544.00 MB reserved,     105.69 MB ( 19%) committed. 

Chunk freelists:
   Non-Class:  5.14 MB
       Class:  1.03 MB
        Both:  6.17 MB

MaxMetaspaceSize: 512.00 MB
CompressedClassSpaceSize: 416.00 MB
Initial GC threshold: 21.00 MB
Current GC threshold: 149.31 MB
CDS: on
MetaspaceReclaimPolicy: balanced
 - commit_granule_bytes: 65536.
 - commit_granule_words: 8192.
 - virtual_space_node_default_size: 8388608.
 - enlarge_chunks_in_place: 1.
 - new_chunks_are_fully_committed: 0.
 - uncommit_free_chunks: 1.
 - use_allocation_guard: 0.
 - handle_deallocations: 1.


Internal statistics:

num_allocs_failed_limit: 9.
num_arena_births: 1452.
num_arena_deaths: 0.
num_vsnodes_births: 3.
num_vsnodes_deaths: 0.
num_space_committed: 1690.
num_space_uncommitted: 0.
num_chunks_returned_to_freelist: 9.
num_chunks_taken_from_freelist: 6242.
num_chunk_merges: 9.
num_chunk_splits: 3985.
num_chunks_enlarged: 2508.
num_inconsistent_stats: 0.

CodeHeap 'non-profiled nmethods': size=120000Kb used=10135Kb max_used=10135Kb free=109864Kb
 bounds [0x000002050f510000, 0x000002050ff00000, 0x0000020516a40000]
CodeHeap 'profiled nmethods': size=120000Kb used=28014Kb max_used=28014Kb free=91985Kb
 bounds [0x0000020507a40000, 0x00000205095a0000, 0x000002050ef70000]
CodeHeap 'non-nmethods': size=5760Kb used=2425Kb max_used=2485Kb free=3334Kb
 bounds [0x000002050ef70000, 0x000002050f1f0000, 0x000002050f510000]
 total_blobs=14996 nmethods=14040 adapters=867
 compilation: enabled
              stopped_count=0, restarted_count=0
 full_count=0

Compilation events (20 events):
Event: 162.852 Thread 0x000002051d309d70 nmethod 16151 0x000002050fee7490 code [0x000002050fee76c0, 0x000002050fee81a8]
Event: 162.856 Thread 0x00000205429014f0 nmethod 16156 0x000002050fee8a90 code [0x000002050fee8c20, 0x000002050fee8ef8]
Event: 162.874 Thread 0x00000205429014f0 16157       4       java.io.BufferedInputStream::fill (203 bytes)
Event: 162.876 Thread 0x00000205429014f0 nmethod 16157 0x000002050fee9010 code [0x000002050fee91a0, 0x000002050fee92b8]
Event: 162.876 Thread 0x00000205429014f0 16158       4       java.util.concurrent.FutureTask::get (23 bytes)
Event: 162.882 Thread 0x000002051d309d70 16159       4       java.util.concurrent.TimeUnit::convert (77 bytes)
Event: 162.887 Thread 0x000002051d309d70 nmethod 16159 0x000002050fee9410 code [0x000002050fee95a0, 0x000002050fee97f8]
Event: 162.894 Thread 0x000002051d309d70 16160       4       java.util.concurrent.FutureTask::report (37 bytes)
Event: 162.899 Thread 0x000002051d309d70 nmethod 16160 0x000002050fee9a10 code [0x000002050fee9b80, 0x000002050fee9c18]
Event: 162.900 Thread 0x000002051d309d70 16161       4       org.gradle.internal.io.StreamByteBuffer$StreamByteBufferInputStream::read (8 bytes)
Event: 162.900 Thread 0x000002051d309d70 nmethod 16161 0x000002050fee9d10 code [0x000002050fee9ea0, 0x000002050fee9f48]
Event: 162.901 Thread 0x00000205429014f0 nmethod 16158 0x000002050feea010 code [0x000002050feea1c0, 0x000002050feeaa18]
Event: 162.915 Thread 0x000002051d309d70 16162       4       org.gradle.internal.snapshot.impl.DirectorySnapshotter$DefaultExcludes$StartMatcher::test (9 bytes)
Event: 162.915 Thread 0x00000205429014f0 16163       4       org.gradle.cache.internal.DefaultFileLockManager$DefaultFileLock::assertOpenAndIntegral (41 bytes)
Event: 162.916 Thread 0x00000205429014f0 nmethod 16163 0x000002050feead10 code [0x000002050feeaea0, 0x000002050feeafb8]
Event: 162.916 Thread 0x00000205429014f0 16164       4       java.util.concurrent.locks.AbstractQueuedSynchronizer$ConditionObject::doSignal (54 bytes)
Event: 162.923 Thread 0x000002051d309d70 nmethod 16162 0x000002050feeb110 code [0x000002050feeb2a0, 0x000002050feeb538]
Event: 162.923 Thread 0x000002051d309d70 16165       4       org.gradle.cache.internal.DefaultCacheCoordinator$UnitOfWorkFileAccess::readFile (14 bytes)
Event: 162.934 Thread 0x00000205429014f0 nmethod 16164 0x000002050feeb790 code [0x000002050feeb920, 0x000002050feebf08]
Event: 162.935 Thread 0x00000205429014f0 16166   !   4       org.gradle.cache.internal.DefaultMultiProcessSafeIndexedCache::getIfPresent (25 bytes)

GC Heap History (20 events):
Event: 147.473 GC heap before
{Heap before GC invocations=73 (full 0):
 garbage-first heap   total 211968K, used 181209K [0x0000000080000000, 0x0000000100000000)
  region size 1024K, 24 young (24576K), 4 survivors (4096K)
 Metaspace       used 98538K, committed 99584K, reserved 557056K
  class space    used 13768K, committed 14272K, reserved 425984K
}
Event: 147.487 GC heap after
{Heap after GC invocations=74 (full 0):
 garbage-first heap   total 254976K, used 163664K [0x0000000080000000, 0x0000000100000000)
  region size 1024K, 3 young (3072K), 3 survivors (3072K)
 Metaspace       used 98538K, committed 99584K, reserved 557056K
  class space    used 13768K, committed 14272K, reserved 425984K
}
Event: 150.413 GC heap before
{Heap before GC invocations=74 (full 0):
 garbage-first heap   total 254976K, used 209744K [0x0000000080000000, 0x0000000100000000)
  region size 1024K, 48 young (49152K), 3 survivors (3072K)
 Metaspace       used 99255K, committed 100288K, reserved 557056K
  class space    used 13850K, committed 14336K, reserved 425984K
}
Event: 150.430 GC heap after
{Heap after GC invocations=75 (full 0):
 garbage-first heap   total 254976K, used 173972K [0x0000000080000000, 0x0000000100000000)
  region size 1024K, 6 young (6144K), 6 survivors (6144K)
 Metaspace       used 99255K, committed 100288K, reserved 557056K
  class space    used 13850K, committed 14336K, reserved 425984K
}
Event: 152.683 GC heap before
{Heap before GC invocations=75 (full 0):
 garbage-first heap   total 254976K, used 210836K [0x0000000080000000, 0x0000000100000000)
  region size 1024K, 42 young (43008K), 6 survivors (6144K)
 Metaspace       used 102402K, committed 103488K, reserved 557056K
  class space    used 14319K, committed 14848K, reserved 425984K
}
Event: 152.699 GC heap after
{Heap after GC invocations=76 (full 0):
 garbage-first heap   total 254976K, used 176675K [0x0000000080000000, 0x0000000100000000)
  region size 1024K, 2 young (2048K), 2 survivors (2048K)
 Metaspace       used 102402K, committed 103488K, reserved 557056K
  class space    used 14319K, committed 14848K, reserved 425984K
}
Event: 155.391 GC heap before
{Heap before GC invocations=76 (full 0):
 garbage-first heap   total 254976K, used 213539K [0x0000000080000000, 0x0000000100000000)
  region size 1024K, 38 young (38912K), 2 survivors (2048K)
 Metaspace       used 103538K, committed 104640K, reserved 557056K
  class space    used 14449K, committed 14976K, reserved 425984K
}
Event: 155.408 GC heap after
{Heap after GC invocations=77 (full 0):
 garbage-first heap   total 254976K, used 182272K [0x0000000080000000, 0x0000000100000000)
  region size 1024K, 5 young (5120K), 5 survivors (5120K)
 Metaspace       used 103538K, committed 104640K, reserved 557056K
  class space    used 14449K, committed 14976K, reserved 425984K
}
Event: 156.796 GC heap before
{Heap before GC invocations=77 (full 0):
 garbage-first heap   total 254976K, used 215040K [0x0000000080000000, 0x0000000100000000)
  region size 1024K, 37 young (37888K), 5 survivors (5120K)
 Metaspace       used 103762K, committed 104832K, reserved 557056K
  class space    used 14460K, committed 14976K, reserved 425984K
}
Event: 156.813 GC heap after
{Heap after GC invocations=78 (full 0):
 garbage-first heap   total 254976K, used 185822K [0x0000000080000000, 0x0000000100000000)
  region size 1024K, 4 young (4096K), 4 survivors (4096K)
 Metaspace       used 103762K, committed 104832K, reserved 557056K
  class space    used 14460K, committed 14976K, reserved 425984K
}
Event: 158.312 GC heap before
{Heap before GC invocations=78 (full 0):
 garbage-first heap   total 254976K, used 215518K [0x0000000080000000, 0x0000000100000000)
  region size 1024K, 33 young (33792K), 4 survivors (4096K)
 Metaspace       used 103988K, committed 105024K, reserved 557056K
  class space    used 14478K, committed 14976K, reserved 425984K
}
Event: 158.326 GC heap after
{Heap after GC invocations=79 (full 0):
 garbage-first heap   total 254976K, used 189704K [0x0000000080000000, 0x0000000100000000)
  region size 1024K, 4 young (4096K), 4 survivors (4096K)
 Metaspace       used 103988K, committed 105024K, reserved 557056K
  class space    used 14478K, committed 14976K, reserved 425984K
}
Event: 159.911 GC heap before
{Heap before GC invocations=79 (full 0):
 garbage-first heap   total 254976K, used 221448K [0x0000000080000000, 0x0000000100000000)
  region size 1024K, 31 young (31744K), 4 survivors (4096K)
 Metaspace       used 106122K, committed 107264K, reserved 557056K
  class space    used 14674K, committed 15232K, reserved 425984K
}
Event: 159.926 GC heap after
{Heap after GC invocations=80 (full 0):
 garbage-first heap   total 254976K, used 194016K [0x0000000080000000, 0x0000000100000000)
  region size 1024K, 4 young (4096K), 4 survivors (4096K)
 Metaspace       used 106122K, committed 107264K, reserved 557056K
  class space    used 14674K, committed 15232K, reserved 425984K
}
Event: 161.024 GC heap before
{Heap before GC invocations=80 (full 0):
 garbage-first heap   total 254976K, used 217568K [0x0000000080000000, 0x0000000100000000)
  region size 1024K, 28 young (28672K), 4 survivors (4096K)
 Metaspace       used 106493K, committed 107648K, reserved 557056K
  class space    used 14713K, committed 15296K, reserved 425984K
}
Event: 161.033 GC heap after
{Heap after GC invocations=81 (full 0):
 garbage-first heap   total 254976K, used 195280K [0x0000000080000000, 0x0000000100000000)
  region size 1024K, 2 young (2048K), 2 survivors (2048K)
 Metaspace       used 106493K, committed 107648K, reserved 557056K
  class space    used 14713K, committed 15296K, reserved 425984K
}
Event: 161.900 GC heap before
{Heap before GC invocations=81 (full 0):
 garbage-first heap   total 254976K, used 217808K [0x0000000080000000, 0x0000000100000000)
  region size 1024K, 25 young (25600K), 2 survivors (2048K)
 Metaspace       used 106799K, committed 107904K, reserved 557056K
  class space    used 14757K, committed 15296K, reserved 425984K
}
Event: 161.907 GC heap after
{Heap after GC invocations=82 (full 0):
 garbage-first heap   total 254976K, used 195888K [0x0000000080000000, 0x0000000100000000)
  region size 1024K, 2 young (2048K), 2 survivors (2048K)
 Metaspace       used 106799K, committed 107904K, reserved 557056K
  class space    used 14757K, committed 15296K, reserved 425984K
}
Event: 162.946 GC heap before
{Heap before GC invocations=82 (full 0):
 garbage-first heap   total 254976K, used 220464K [0x0000000080000000, 0x0000000100000000)
  region size 1024K, 27 young (27648K), 2 survivors (2048K)
 Metaspace       used 107135K, committed 108224K, reserved 557056K
  class space    used 14804K, committed 15360K, reserved 425984K
}
Event: 162.963 GC heap after
{Heap after GC invocations=83 (full 0):
 garbage-first heap   total 254976K, used 199433K [0x0000000080000000, 0x0000000100000000)
  region size 1024K, 4 young (4096K), 4 survivors (4096K)
 Metaspace       used 107135K, committed 108224K, reserved 557056K
  class space    used 14804K, committed 15360K, reserved 425984K
}

Dll operation events (14 events):
Event: 0.033 Loaded shared library C:\Program Files\Microsoft\jdk-17.0.8.7-hotspot\bin\java.dll
Event: 0.237 Loaded shared library C:\Program Files\Microsoft\jdk-17.0.8.7-hotspot\bin\jsvml.dll
Event: 0.498 Loaded shared library C:\Program Files\Microsoft\jdk-17.0.8.7-hotspot\bin\zip.dll
Event: 0.506 Loaded shared library C:\Program Files\Microsoft\jdk-17.0.8.7-hotspot\bin\instrument.dll
Event: 0.536 Loaded shared library C:\Program Files\Microsoft\jdk-17.0.8.7-hotspot\bin\net.dll
Event: 0.540 Loaded shared library C:\Program Files\Microsoft\jdk-17.0.8.7-hotspot\bin\nio.dll
Event: 0.626 Loaded shared library C:\Program Files\Microsoft\jdk-17.0.8.7-hotspot\bin\zip.dll
Event: 2.328 Loaded shared library C:\Program Files\Microsoft\jdk-17.0.8.7-hotspot\bin\jimage.dll
Event: 2.707 Loaded shared library C:\Program Files\Microsoft\jdk-17.0.8.7-hotspot\bin\verify.dll
Event: 3.568 Loaded shared library C:\Users\hvrka\.gradle\native\68d5fa5c4cc2d200863cafc0d521ce42e7d3e7ee720ec0a83991735586a16f82\windows-amd64\native-platform.dll
Event: 3.624 Loaded shared library C:\Users\hvrka\.gradle\native\e376f236ea51e6404a007f0833ffe2c6e607c4080706a723a18a27aeea778392\windows-amd64\native-platform-file-events.dll
Event: 7.647 Loaded shared library C:\Program Files\Microsoft\jdk-17.0.8.7-hotspot\bin\management.dll
Event: 7.655 Loaded shared library C:\Program Files\Microsoft\jdk-17.0.8.7-hotspot\bin\management_ext.dll
Event: 9.021 Loaded shared library C:\Program Files\Microsoft\jdk-17.0.8.7-hotspot\bin\sunmscapi.dll

Deoptimization events (20 events):
Event: 162.324 Thread 0x000002054168f750 Uncommon trap: trap_request=0xfffffff4 fr.pc=0x000002050feae7f8 relative=0x00000000000000d8
Event: 162.324 Thread 0x000002054168f750 Uncommon trap: reason=null_check action=make_not_entrant pc=0x000002050feae7f8 method=org.gradle.tooling.internal.provider.runner.ClientBuildEventGenerator$Disabled.accept(Lorg/gradle/internal/operations/BuildOperationDescriptor;)Lorg/gradle/tooling/inter
Event: 162.324 Thread 0x000002054168f750 DEOPT PACKING pc=0x000002050feae7f8 sp=0x00000069e31fe740
Event: 162.324 Thread 0x000002054168f750 DEOPT UNPACKING pc=0x000002050efc69a3 sp=0x00000069e31fe6c8 mode 2
Event: 162.393 Thread 0x0000020542214f10 Uncommon trap: trap_request=0xffffffd6 fr.pc=0x000002050fecd0dc relative=0x000000000000063c
Event: 162.393 Thread 0x0000020542214f10 Uncommon trap: reason=array_check action=maybe_recompile pc=0x000002050fecd0dc method=java.util.TimSort.reverseRange([Ljava/lang/Object;II)V @ 20 c2
Event: 162.393 Thread 0x0000020542214f10 DEOPT PACKING pc=0x000002050fecd0dc sp=0x00000069e40f9890
Event: 162.394 Thread 0x0000020541695c90 Uncommon trap: trap_request=0xffffffd6 fr.pc=0x000002050fecd0dc relative=0x000000000000063c
Event: 162.394 Thread 0x0000020541695c90 Uncommon trap: reason=array_check action=maybe_recompile pc=0x000002050fecd0dc method=java.util.TimSort.reverseRange([Ljava/lang/Object;II)V @ 20 c2
Event: 162.394 Thread 0x0000020541695c90 DEOPT PACKING pc=0x000002050fecd0dc sp=0x00000069e32fbc30
Event: 162.394 Thread 0x0000020541695c90 DEOPT UNPACKING pc=0x000002050efc69a3 sp=0x00000069e32fbb60 mode 2
Event: 162.395 Thread 0x0000020542214f10 DEOPT UNPACKING pc=0x000002050efc69a3 sp=0x00000069e40f97c0 mode 2
Event: 162.396 Thread 0x0000020541695c90 Uncommon trap: trap_request=0xffffffd6 fr.pc=0x000002050fecd0dc relative=0x000000000000063c
Event: 162.396 Thread 0x0000020541695c90 Uncommon trap: reason=array_check action=maybe_recompile pc=0x000002050fecd0dc method=java.util.TimSort.reverseRange([Ljava/lang/Object;II)V @ 20 c2
Event: 162.396 Thread 0x0000020541695c90 DEOPT PACKING pc=0x000002050fecd0dc sp=0x00000069e32fcf00
Event: 162.397 Thread 0x0000020541695c90 DEOPT UNPACKING pc=0x000002050efc69a3 sp=0x00000069e32fce30 mode 2
Event: 162.397 Thread 0x0000020542214f10 Uncommon trap: trap_request=0xffffffd6 fr.pc=0x000002050fecd0dc relative=0x000000000000063c
Event: 162.397 Thread 0x0000020542214f10 Uncommon trap: reason=array_check action=maybe_recompile pc=0x000002050fecd0dc method=java.util.TimSort.reverseRange([Ljava/lang/Object;II)V @ 20 c2
Event: 162.397 Thread 0x0000020542214f10 DEOPT PACKING pc=0x000002050fecd0dc sp=0x00000069e40f9550
Event: 162.397 Thread 0x0000020542214f10 DEOPT UNPACKING pc=0x000002050efc69a3 sp=0x00000069e40f9480 mode 2

Classes unloaded (0 events):
No events

Classes redefined (0 events):
No events

Internal exceptions (20 events):
Event: 155.725 Thread 0x000002053d082a10 Exception <a 'sun/nio/fs/WindowsException'{0x000000008f3af9b8}> (0x000000008f3af9b8) 
thrown [s\src\hotspot\share\prims\jni.cpp, line 516]
Event: 155.725 Thread 0x000002053d082a10 Exception <a 'sun/nio/fs/WindowsException'{0x000000008f3b1048}> (0x000000008f3b1048) 
thrown [s\src\hotspot\share\prims\jni.cpp, line 516]
Event: 155.725 Thread 0x000002053d082a10 Exception <a 'sun/nio/fs/WindowsException'{0x000000008f3b26d8}> (0x000000008f3b26d8) 
thrown [s\src\hotspot\share\prims\jni.cpp, line 516]
Event: 159.051 Thread 0x000002053d082a10 Exception <a 'java/lang/NoSuchMethodError'{0x000000008e971078}: static Lcom/android/build/gradle/internal/profile/ProjectData;.<clinit>()V> (0x000000008e971078) 
thrown [s\src\hotspot\share\prims\jni.cpp, line 1107]
Event: 159.119 Thread 0x000002053d082a10 Exception <a 'java/lang/NoSuchMethodError'{0x000000008e9f3158}: static Lcom/android/build/gradle/internal/profile/TaskMetadata;.<clinit>()V> (0x000000008e9f3158) 
thrown [s\src\hotspot\share\prims\jni.cpp, line 1107]
Event: 159.422 Thread 0x000002053d082a10 Exception <a 'sun/nio/fs/WindowsException'{0x000000008e466c38}> (0x000000008e466c38) 
thrown [s\src\hotspot\share\prims\jni.cpp, line 516]
Event: 159.816 Thread 0x00000205416966b0 Exception <a 'java/lang/NoSuchMethodError'{0x000000008df1a970}: 'void java.lang.invoke.DirectMethodHandle$Holder.invokeStatic(java.lang.Object, java.lang.Object, java.lang.Object, java.lang.Object, int, java.lang.Object, java.lang.Object)'> (0x000000008df1a970) 
thrown [s\src\hotspot\share\interpreter\linkResolver.cpp, line 759]
Event: 159.907 Thread 0x0000020541693e30 Exception <a 'java/lang/NoSuchMethodError'{0x000000008dea01a8}: 'java.lang.Object java.lang.invoke.DirectMethodHandle$Holder.invokeSpecialIFC(java.lang.Object, java.lang.Object, java.lang.Object)'> (0x000000008dea01a8) 
thrown [s\src\hotspot\share\interpreter\linkResolver.cpp, line 759]
Event: 159.907 Thread 0x00000205416966b0 Exception <a 'java/lang/NoSuchMethodError'{0x000000008debc1f8}: 'java.lang.Object java.lang.invoke.DirectMethodHandle$Holder.invokeSpecialIFC(java.lang.Object, java.lang.Object, java.lang.Object)'> (0x000000008debc1f8) 
thrown [s\src\hotspot\share\interpreter\linkResolver.cpp, line 759]
Event: 159.908 Thread 0x0000020542216350 Exception <a 'java/lang/NoSuchMethodError'{0x000000008de8f4d0}: 'java.lang.Object java.lang.invoke.DirectMethodHandle$Holder.invokeSpecialIFC(java.lang.Object, java.lang.Object, java.lang.Object)'> (0x000000008de8f4d0) 
thrown [s\src\hotspot\share\interpreter\linkResolver.cpp, line 759]
Event: 159.908 Thread 0x0000020541694850 Exception <a 'java/lang/NoSuchMethodError'{0x000000008de77680}: 'java.lang.Object java.lang.invoke.DirectMethodHandle$Holder.invokeSpecialIFC(java.lang.Object, java.lang.Object, java.lang.Object)'> (0x000000008de77680) 
thrown [s\src\hotspot\share\interpreter\linkResolver.cpp, line 759]
Event: 160.147 Thread 0x0000020541693e30 Exception <a 'java/lang/NoSuchMethodError'{0x000000008f23c788}: 'void java.lang.invoke.DirectMethodHandle$Holder.invokeVirtual(java.lang.Object, java.lang.Object)'> (0x000000008f23c788) 
thrown [s\src\hotspot\share\interpreter\linkResolver.cpp, line 759]
Event: 161.966 Thread 0x00000205416924e0 Exception <a 'java/lang/ClassNotFoundException'{0x000000008f7c3de8}: groovy/util/FileTreeBuilderBeanInfo> (0x000000008f7c3de8) 
thrown [s\src\hotspot\share\classfile\systemDictionary.cpp, line 256]
Event: 161.975 Thread 0x00000205416924e0 Exception <a 'java/lang/ClassNotFoundException'{0x000000008f625f08}: groovy/util/FileTreeBuilderCustomizer> (0x000000008f625f08) 
thrown [s\src\hotspot\share\classfile\systemDictionary.cpp, line 256]
Event: 161.994 Thread 0x00000205416924e0 Exception <a 'java/lang/ClassNotFoundException'{0x000000008f660438}: java/io/BufferedWriterBeanInfo> (0x000000008f660438) 
thrown [s\src\hotspot\share\classfile\systemDictionary.cpp, line 256]
Event: 161.995 Thread 0x00000205416924e0 Exception <a 'java/lang/ClassNotFoundException'{0x000000008f665b58}: java/io/WriterBeanInfo> (0x000000008f665b58) 
thrown [s\src\hotspot\share\classfile\systemDictionary.cpp, line 256]
Event: 161.995 Thread 0x00000205416924e0 Exception <a 'java/lang/ClassNotFoundException'{0x000000008f66b170}: java/io/WriterCustomizer> (0x000000008f66b170) 
thrown [s\src\hotspot\share\classfile\systemDictionary.cpp, line 256]
Event: 161.996 Thread 0x00000205416924e0 Exception <a 'java/lang/ClassNotFoundException'{0x000000008f6796a0}: java/io/BufferedWriterCustomizer> (0x000000008f6796a0) 
thrown [s\src\hotspot\share\classfile\systemDictionary.cpp, line 256]
Event: 162.118 Thread 0x00000205416924e0 Exception <a 'java/lang/NoSuchMethodError'{0x000000008f53ed10}: static Lcom/android/build/api/variant/BuildConfigField;.<clinit>()V> (0x000000008f53ed10) 
thrown [s\src\hotspot\share\prims\jni.cpp, line 1107]
Event: 162.324 Thread 0x000002054168f750 Implicit null exception at 0x000002050feae75b to 0x000002050feae7ec

VM Operations (20 events):
Event: 159.836 Executing VM operation: HandshakeAllThreads
Event: 159.836 Executing VM operation: HandshakeAllThreads done
Event: 159.910 Executing VM operation: G1CollectForAllocation
Event: 159.930 Executing VM operation: G1CollectForAllocation done
Event: 159.950 Executing VM operation: HandshakeAllThreads
Event: 159.950 Executing VM operation: HandshakeAllThreads done
Event: 159.955 Executing VM operation: HandshakeAllThreads
Event: 159.955 Executing VM operation: HandshakeAllThreads done
Event: 160.862 Executing VM operation: ICBufferFull
Event: 160.862 Executing VM operation: ICBufferFull done
Event: 161.023 Executing VM operation: G1CollectForAllocation
Event: 161.037 Executing VM operation: G1CollectForAllocation done
Event: 161.828 Executing VM operation: HandshakeAllThreads
Event: 161.828 Executing VM operation: HandshakeAllThreads done
Event: 161.900 Executing VM operation: G1CollectForAllocation
Event: 161.909 Executing VM operation: G1CollectForAllocation done
Event: 162.790 Executing VM operation: ICBufferFull
Event: 162.791 Executing VM operation: ICBufferFull done
Event: 162.946 Executing VM operation: G1CollectForAllocation
Event: 162.963 Executing VM operation: G1CollectForAllocation done

Events (20 events):
Event: 161.402 Thread 0x00000205473007e0 Thread added: 0x00000205473007e0
Event: 161.402 Thread 0x00000205472ff8b0 Thread added: 0x00000205472ff8b0
Event: 161.402 Thread 0x0000020547303f90 Thread added: 0x0000020547303f90
Event: 161.793 Thread 0x0000020547304ec0 Thread added: 0x0000020547304ec0
Event: 161.994 loading class java/io/BufferedWriterBeanInfo
Event: 161.994 loading class java/io/BufferedWriterBeanInfo done
Event: 161.994 loading class java/io/BufferedWriterBeanInfo
Event: 161.994 loading class java/io/BufferedWriterBeanInfo done
Event: 161.994 loading class java/io/WriterBeanInfo
Event: 161.994 loading class java/io/WriterBeanInfo done
Event: 161.995 loading class java/io/WriterBeanInfo
Event: 161.995 loading class java/io/WriterBeanInfo done
Event: 161.995 loading class java/io/WriterCustomizer
Event: 161.995 loading class java/io/WriterCustomizer done
Event: 161.995 loading class java/io/WriterCustomizer
Event: 161.995 loading class java/io/WriterCustomizer done
Event: 161.995 loading class java/io/BufferedWriterCustomizer
Event: 161.996 loading class java/io/BufferedWriterCustomizer done
Event: 161.996 loading class java/io/BufferedWriterCustomizer
Event: 161.996 loading class java/io/BufferedWriterCustomizer done


Dynamic libraries:
0x00007ff6b8f20000 - 0x00007ff6b8f2e000 	C:\Program Files\Microsoft\jdk-17.0.8.7-hotspot\bin\java.exe
0x00007ff9d5d70000 - 0x00007ff9d5f87000 	C:\WINDOWS\SYSTEM32\ntdll.dll
0x00007ff9d4ab0000 - 0x00007ff9d4b74000 	C:\WINDOWS\System32\KERNEL32.DLL
0x00007ff9d3700000 - 0x00007ff9d3aa6000 	C:\WINDOWS\System32\KERNELBASE.dll
0x00007ff9d3230000 - 0x00007ff9d3341000 	C:\WINDOWS\System32\ucrtbase.dll
0x00007ff9c9e80000 - 0x00007ff9c9e97000 	C:\Program Files\Microsoft\jdk-17.0.8.7-hotspot\bin\jli.dll
0x00007ff9d3e30000 - 0x00007ff9d3fde000 	C:\WINDOWS\System32\USER32.dll
0x00007ff9d3350000 - 0x00007ff9d3376000 	C:\WINDOWS\System32\win32u.dll
0x00007ff9d43d0000 - 0x00007ff9d43f9000 	C:\WINDOWS\System32\GDI32.dll
0x00007ff9d3560000 - 0x00007ff9d3678000 	C:\WINDOWS\System32\gdi32full.dll
0x00007ff9d3190000 - 0x00007ff9d322a000 	C:\WINDOWS\System32\msvcp_win.dll
0x00007ff9c4d20000 - 0x00007ff9c4d3b000 	C:\Program Files\Microsoft\jdk-17.0.8.7-hotspot\bin\VCRUNTIME140.dll
0x00007ff9c51e0000 - 0x00007ff9c5473000 	C:\WINDOWS\WinSxS\amd64_microsoft.windows.common-controls_6595b64144ccf1df_6.0.22621.2706_none_270c5aa17388e1a2\COMCTL32.dll
0x00007ff9d3c70000 - 0x00007ff9d3d17000 	C:\WINDOWS\System32\msvcrt.dll
0x00007ff9d3fe0000 - 0x00007ff9d4011000 	C:\WINDOWS\System32\IMM32.DLL
0x00007ff9cce50000 - 0x00007ff9cce5c000 	C:\Program Files\Microsoft\jdk-17.0.8.7-hotspot\bin\vcruntime140_1.dll
0x00007ff9a12e0000 - 0x00007ff9a136d000 	C:\Program Files\Microsoft\jdk-17.0.8.7-hotspot\bin\msvcp140.dll
0x00007ff98be10000 - 0x00007ff98ca75000 	C:\Program Files\Microsoft\jdk-17.0.8.7-hotspot\bin\server\jvm.dll
0x00007ff9d4e00000 - 0x00007ff9d4eb1000 	C:\WINDOWS\System32\ADVAPI32.dll
0x00007ff9d5ba0000 - 0x00007ff9d5c45000 	C:\WINDOWS\System32\sechost.dll
0x00007ff9d42b0000 - 0x00007ff9d43c7000 	C:\WINDOWS\System32\RPCRT4.dll
0x00007ff9d1f20000 - 0x00007ff9d1f6d000 	C:\WINDOWS\SYSTEM32\POWRPROF.dll
0x00007ff9bfbb0000 - 0x00007ff9bfbb9000 	C:\WINDOWS\SYSTEM32\WSOCK32.dll
0x00007ff9d5b10000 - 0x00007ff9d5b81000 	C:\WINDOWS\System32\WS2_32.dll
0x00007ff9cbee0000 - 0x00007ff9cbf14000 	C:\WINDOWS\SYSTEM32\WINMM.dll
0x00007ff9cbe20000 - 0x00007ff9cbe2a000 	C:\WINDOWS\SYSTEM32\VERSION.dll
0x00007ff9d1f00000 - 0x00007ff9d1f13000 	C:\WINDOWS\SYSTEM32\UMPDC.dll
0x00007ff9d21c0000 - 0x00007ff9d21d8000 	C:\WINDOWS\SYSTEM32\kernel.appcore.dll
0x00007ff9cbd20000 - 0x00007ff9cbd2a000 	C:\Program Files\Microsoft\jdk-17.0.8.7-hotspot\bin\jimage.dll
0x00007ff9d03d0000 - 0x00007ff9d0603000 	C:\WINDOWS\SYSTEM32\DBGHELP.DLL
0x00007ff9d5780000 - 0x00007ff9d5b09000 	C:\WINDOWS\System32\combase.dll
0x00007ff9d5c50000 - 0x00007ff9d5d27000 	C:\WINDOWS\System32\OLEAUT32.dll
0x00007ff9bd360000 - 0x00007ff9bd392000 	C:\WINDOWS\SYSTEM32\dbgcore.DLL
0x00007ff9d3680000 - 0x00007ff9d36fa000 	C:\WINDOWS\System32\bcryptPrimitives.dll
0x00007ff9bce50000 - 0x00007ff9bce5e000 	C:\Program Files\Microsoft\jdk-17.0.8.7-hotspot\bin\instrument.dll
0x00007ff9b6640000 - 0x00007ff9b6665000 	C:\Program Files\Microsoft\jdk-17.0.8.7-hotspot\bin\java.dll
0x00007ff99fe30000 - 0x00007ff99ff07000 	C:\Program Files\Microsoft\jdk-17.0.8.7-hotspot\bin\jsvml.dll
0x00007ff9d4ec0000 - 0x00007ff9d5718000 	C:\WINDOWS\System32\SHELL32.dll
0x00007ff9d1000000 - 0x00007ff9d18f5000 	C:\WINDOWS\SYSTEM32\windows.storage.dll
0x00007ff9d0ec0000 - 0x00007ff9d0ffe000 	C:\WINDOWS\SYSTEM32\wintypes.dll
0x00007ff9d49b0000 - 0x00007ff9d4aa3000 	C:\WINDOWS\System32\SHCORE.dll
0x00007ff9d5720000 - 0x00007ff9d577e000 	C:\WINDOWS\System32\shlwapi.dll
0x00007ff9d3000000 - 0x00007ff9d3026000 	C:\WINDOWS\SYSTEM32\profapi.dll
0x00007ff9b4d70000 - 0x00007ff9b4d88000 	C:\Program Files\Microsoft\jdk-17.0.8.7-hotspot\bin\zip.dll
0x00007ff9c4d00000 - 0x00007ff9c4d19000 	C:\Program Files\Microsoft\jdk-17.0.8.7-hotspot\bin\net.dll
0x00007ff9cc290000 - 0x00007ff9cc3c7000 	C:\WINDOWS\SYSTEM32\WINHTTP.dll
0x00007ff9d2640000 - 0x00007ff9d26a9000 	C:\WINDOWS\system32\mswsock.dll
0x00007ff9b6620000 - 0x00007ff9b6636000 	C:\Program Files\Microsoft\jdk-17.0.8.7-hotspot\bin\nio.dll
0x00007ff9c5940000 - 0x00007ff9c5950000 	C:\Program Files\Microsoft\jdk-17.0.8.7-hotspot\bin\verify.dll
0x00007ff9b4710000 - 0x00007ff9b4737000 	C:\Users\hvrka\.gradle\native\68d5fa5c4cc2d200863cafc0d521ce42e7d3e7ee720ec0a83991735586a16f82\windows-amd64\native-platform.dll
0x00007ff99f790000 - 0x00007ff99f8d4000 	C:\Users\hvrka\.gradle\native\e376f236ea51e6404a007f0833ffe2c6e607c4080706a723a18a27aeea778392\windows-amd64\native-platform-file-events.dll
0x00007ff9c15e0000 - 0x00007ff9c15e9000 	C:\Program Files\Microsoft\jdk-17.0.8.7-hotspot\bin\management.dll
0x00007ff9bcee0000 - 0x00007ff9bceeb000 	C:\Program Files\Microsoft\jdk-17.0.8.7-hotspot\bin\management_ext.dll
0x00007ff9d4bd0000 - 0x00007ff9d4bd8000 	C:\WINDOWS\System32\PSAPI.DLL
0x00007ff9d2890000 - 0x00007ff9d28ab000 	C:\WINDOWS\SYSTEM32\CRYPTSP.dll
0x00007ff9d2120000 - 0x00007ff9d2155000 	C:\WINDOWS\system32\rsaenh.dll
0x00007ff9d2730000 - 0x00007ff9d275c000 	C:\WINDOWS\SYSTEM32\USERENV.dll
0x00007ff9d2a80000 - 0x00007ff9d2aa8000 	C:\WINDOWS\SYSTEM32\bcrypt.dll
0x00007ff9d28b0000 - 0x00007ff9d28bc000 	C:\WINDOWS\SYSTEM32\CRYPTBASE.dll
0x00007ff9d1bd0000 - 0x00007ff9d1bfd000 	C:\WINDOWS\SYSTEM32\IPHLPAPI.DLL
0x00007ff9d4be0000 - 0x00007ff9d4be9000 	C:\WINDOWS\System32\NSI.dll
0x00007ff9cbbc0000 - 0x00007ff9cbbd9000 	C:\WINDOWS\SYSTEM32\dhcpcsvc6.DLL
0x00007ff9cbec0000 - 0x00007ff9cbedf000 	C:\WINDOWS\SYSTEM32\dhcpcsvc.DLL
0x00007ff9d1c40000 - 0x00007ff9d1d39000 	C:\WINDOWS\SYSTEM32\DNSAPI.dll
0x00007ff9bb410000 - 0x00007ff9bb41e000 	C:\Program Files\Microsoft\jdk-17.0.8.7-hotspot\bin\sunmscapi.dll
0x00007ff9d33f0000 - 0x00007ff9d3556000 	C:\WINDOWS\System32\CRYPT32.dll
0x00007ff9d2a50000 - 0x00007ff9d2a7d000 	C:\WINDOWS\SYSTEM32\ncrypt.dll
0x00007ff9d2a10000 - 0x00007ff9d2a47000 	C:\WINDOWS\SYSTEM32\NTASN1.dll
0x00007ff9c7a90000 - 0x00007ff9c7a98000 	C:\WINDOWS\system32\wshunix.dll
0x00007ff96b420000 - 0x00007ff96b437000 	C:\WINDOWS\system32\napinsp.dll
0x00007ff96b440000 - 0x00007ff96b45b000 	C:\WINDOWS\system32\pnrpnsp.dll
0x00007ff96b460000 - 0x00007ff96b471000 	C:\WINDOWS\System32\winrnr.dll
0x00007ff9b7ee0000 - 0x00007ff9b7ef5000 	C:\WINDOWS\system32\wshbth.dll
0x00007ff9cd130000 - 0x00007ff9cd151000 	C:\WINDOWS\system32\nlansp_c.dll
0x00007ff9c2270000 - 0x00007ff9c227a000 	C:\Windows\System32\rasadhlp.dll
0x00007ff9c9c40000 - 0x00007ff9c9cc3000 	C:\WINDOWS\System32\fwpuclnt.dll

dbghelp: loaded successfully - version: 4.0.5 - missing functions: none
symbol engine: initialized successfully - sym options: 0x614 - pdb path: .;C:\Program Files\Microsoft\jdk-17.0.8.7-hotspot\bin;C:\WINDOWS\SYSTEM32;C:\WINDOWS\WinSxS\amd64_microsoft.windows.common-controls_6595b64144ccf1df_6.0.22621.2706_none_270c5aa17388e1a2;C:\Program Files\Microsoft\jdk-17.0.8.7-hotspot\bin\server;C:\Users\hvrka\.gradle\native\68d5fa5c4cc2d200863cafc0d521ce42e7d3e7ee720ec0a83991735586a16f82\windows-amd64;C:\Users\hvrka\.gradle\native\e376f236ea51e6404a007f0833ffe2c6e607c4080706a723a18a27aeea778392\windows-amd64

VM Arguments:
jvm_args: -XX:MaxMetaspaceSize=512m --add-opens=java.base/java.util=ALL-UNNAMED --add-opens=java.base/java.lang=ALL-UNNAMED --add-opens=java.base/java.lang.invoke=ALL-UNNAMED --add-opens=java.prefs/java.util.prefs=ALL-UNNAMED --add-opens=java.base/java.nio.charset=ALL-UNNAMED --add-opens=java.base/java.net=ALL-UNNAMED --add-opens=java.base/java.util.concurrent.atomic=ALL-UNNAMED -Xmx2048m -Dfile.encoding=windows-1252 -Duser.country=IN -Duser.language=en -Duser.variant -javaagent:C:\Users\hvrka\.gradle\wrapper\dists\gradle-8.3-all\6en3ugtfdg5xnpx44z4qbwgas\gradle-8.3\lib\agents\gradle-instrumentation-agent-8.3.jar 
java_command: org.gradle.launcher.daemon.bootstrap.GradleDaemon 8.3
java_class_path (initial): C:\Users\hvrka\.gradle\wrapper\dists\gradle-8.3-all\6en3ugtfdg5xnpx44z4qbwgas\gradle-8.3\lib\gradle-launcher-8.3.jar
Launcher Type: SUN_STANDARD

[Global flags]
     intx CICompilerCount                          = 3                                         {product} {ergonomic}
   size_t CompressedClassSpaceSize                 = 436207616                                 {product} {ergonomic}
     uint ConcGCThreads                            = 1                                         {product} {ergonomic}
     uint G1ConcRefinementThreads                  = 4                                         {product} {ergonomic}
   size_t G1HeapRegionSize                         = 1048576                                   {product} {ergonomic}
    uintx GCDrainStackTargetSize                   = 64                                        {product} {ergonomic}
   size_t InitialHeapSize                          = 134217728                                 {product} {ergonomic}
   size_t MarkStackSize                            = 4194304                                   {product} {ergonomic}
   size_t MaxHeapSize                              = 2147483648                                {product} {command line}
   size_t MaxMetaspaceSize                         = 536870912                                 {product} {command line}
   size_t MaxNewSize                               = 1287651328                                {product} {ergonomic}
   size_t MinHeapDeltaBytes                        = 1048576                                   {product} {ergonomic}
   size_t MinHeapSize                              = 8388608                                   {product} {ergonomic}
    uintx NonNMethodCodeHeapSize                   = 5832780                                {pd product} {ergonomic}
    uintx NonProfiledCodeHeapSize                  = 122912730                              {pd product} {ergonomic}
    uintx ProfiledCodeHeapSize                     = 122912730                              {pd product} {ergonomic}
    uintx ReservedCodeCacheSize                    = 251658240                              {pd product} {ergonomic}
     bool SegmentedCodeCache                       = true                                      {product} {ergonomic}
   size_t SoftMaxHeapSize                          = 2147483648                             {manageable} {ergonomic}
     bool UseCompressedClassPointers               = true                           {product lp64_product} {ergonomic}
     bool UseCompressedOops                        = true                           {product lp64_product} {ergonomic}
     bool UseG1GC                                  = true                                      {product} {ergonomic}
     bool UseLargePagesIndividualAllocation        = false                                  {pd product} {ergonomic}

Logging:
Log output configuration:
 #0: stdout all=warning uptime,level,tags
 #1: stderr all=off uptime,level,tags

Environment Variables:
JAVA_HOME=C:\Program Files\Microsoft\jdk-17.0.8.7-hotspot\
CLASSPATH=C:\Projects\UITask\android\\gradle\wrapper\gradle-wrapper.jar
PATH=C:\Projects\UITask\node_modules\.bin;C:\Projects\node_modules\.bin;C:\node_modules\.bin;C:\Users\hvrka\AppData\Roaming\npm\node_modules\npm\node_modules\@npmcli\run-script\lib\node-gyp-bin;C:\Program Files\Common Files\Oracle\Java\javapath;C:\Program Files\Microsoft\jdk-17.0.8.7-hotspot\bin;C:\Python312\Scripts\;C:\Python312\;C:\Program Files\Microsoft\jdk-11.0.20.8-hotspot\bin;C:\Python311\Scripts\;C:\Python311\;C:\WINDOWS\system32;C:\WINDOWS;C:\WINDOWS\System32\Wbem;C:\WINDOWS\System32\WindowsPowerShell\v1.0\;C:\WINDOWS\System32\OpenSSH\;C:\ProgramData\chocolatey\bin;C:\Program Files\Git\cmd;C:\Program Files\nodejs\;C:\Users\hvrka\AppData\Local\Microsoft\WindowsApps;C:\Users\hvrka\AppData\Local\Programs\Microsoft VS Code\bin;C:\Users\hvrka\AppData\Local\GitHubDesktop\bin;C:\Users\hvrka\AppData\Roaming\npm
USERNAME=hvrka
LANG=en_US.UTF-8
OS=Windows_NT
PROCESSOR_IDENTIFIER=Intel64 Family 6 Model 61 Stepping 4, GenuineIntel
TMP=C:\Users\hvrka\AppData\Local\Temp
TEMP=C:\Users\hvrka\AppData\Local\Temp



---------------  S Y S T E M  ---------------

OS:
 Windows 11 , 64 bit Build 22621 (10.0.22621.2841)
OS uptime: 1 days 5:55 hours

CPU: total 4 (initial active 4) (2 cores per cpu, 2 threads per core) family 6 model 61 stepping 4 microcode 0x2f, cx8, cmov, fxsr, ht, mmx, 3dnowpref, sse, sse2, sse3, ssse3, sse4.1, sse4.2, popcnt, lzcnt, tsc, tscinvbit, avx, avx2, aes, erms, clmul, bmi1, bmi2, rtm, adx, fma, vzeroupper, clflush
Processor Information for all 4 processors :
  Max Mhz: 2594, Current Mhz: 2594, Mhz Limit: 2594

Memory: 4k page, system-wide physical 8064M (394M free)
TotalPageFile size 16256M (AvailPageFile size 3336M)
current process WorkingSet (physical memory assigned to process): 569M, peak: 571M
current process commit charge ("private bytes"): 609M, peak: 611M

vm_info: OpenJDK 64-Bit Server VM (17.0.8+7-LTS) for windows-amd64 JRE (17.0.8+7-LTS), built on Jul  7 2023 17:21:55 by "MicrosoftCorporation" with MS VC++ 16.10 / 16.11 (VS2019)

END.
